-------------------------------------------------------------------------------
Test set: org.apache.zookeeper.server.quorum.ReconfigBackupTest
-------------------------------------------------------------------------------
Tests run: 3, Failures: 1, Errors: 0, Skipped: 0, Time elapsed: 16.113 s <<< FAILURE! - in org.apache.zookeeper.server.quorum.ReconfigBackupTest
testVersionOfDynamicFilename(org.apache.zookeeper.server.quorum.ReconfigBackupTest)  Time elapsed: 1.451 s  <<< FAILURE!
java.lang.AssertionError
	at org.apache.zookeeper.server.quorum.ReconfigBackupTest.testVersionOfDynamicFilename(ReconfigBackupTest.java:332)

