-------------------------------------------------------------------------------
Test set: org.apache.zookeeper.test.SSLAuthTest
-------------------------------------------------------------------------------
Tests run: 2, Failures: 2, Errors: 0, Skipped: 0, Time elapsed: 65.835 s <<< FAILURE! - in org.apache.zookeeper.test.SSLAuthTest
testMisconfiguration(org.apache.zookeeper.test.SSLAuthTest)  Time elapsed: 33.329 s  <<< FAILURE!
java.lang.AssertionError: waiting for server up
	at org.apache.zookeeper.test.SSLAuthTest.setUp(SSLAuthTest.java:78)

testRejection(org.apache.zookeeper.test.SSLAuthTest)  Time elapsed: 32.301 s  <<< FAILURE!
java.lang.AssertionError: waiting for server up
	at org.apache.zookeeper.test.SSLAuthTest.setUp(SSLAuthTest.java:78)

