-------------------------------------------------------------------------------
Test set: org.apache.zookeeper.server.quorum.QuorumPeerMainTest
-------------------------------------------------------------------------------
Tests run: 24, Failures: 1, Errors: 0, Skipped: 0, Time elapsed: 215.591 s <<< FAILURE! - in org.apache.zookeeper.server.quorum.QuorumPeerMainTest
testLeaderOutOfView(org.apache.zookeeper.server.quorum.QuorumPeerMainTest)  Time elapsed: 1.303 s  <<< FAILURE!
java.lang.AssertionError
	at org.apache.zookeeper.server.quorum.QuorumPeerMainTest.testLeaderOutOfView(QuorumPeerMainTest.java:937)

