<?xml version="1.0" encoding="UTF-8"?>
<testsuite xmlns:xsi="http://www.w3.org/2001/XMLSchema-instance" xsi:noNamespaceSchemaLocation="https://maven.apache.org/surefire/maven-surefire-plugin/xsd/surefire-test-report.xsd" name="org.apache.zookeeper.server.quorum.ReconfigBackupTest" time="16.113" tests="3" errors="0" skipped="0" failures="1">
  <properties>
[...]
</properties>
  <testcase name="testReconfigCreateNewVersionFile" classname="org.apache.zookeeper.server.quorum.ReconfigBackupTest" time="13.248"/>
  <testcase name="testVersionOfDynamicFilename" classname="org.apache.zookeeper.server.quorum.ReconfigBackupTest" time="1.451">
    <failure type="java.lang.AssertionError">java.lang.AssertionError
	at org.apache.zookeeper.server.quorum.ReconfigBackupTest.testVersionOfDynamicFilename(ReconfigBackupTest.java:332)
</failure>
    <system-out><![CDATA[2020-06-22 14:08:43,737 [myid:] - INFO  [main:ZKTestCase$1@86] - STARTING testVersionOfDynamicFilename
2020-06-22 14:08:43,737 [myid:] - INFO  [main:JUnit4ZKTestRunner$LoggedInvokeMethod@84] - RUNNING TEST METHOD testVersionOfDynamicFilename
2020-06-22 14:08:43,738 [myid:] - INFO  [main:PortAssignment@87] - Assigned port 11238 from range 11221 - 13913.
2020-06-22 14:08:43,738 [myid:] - INFO  [main:PortAssignment@87] - Assigned port 11239 from range 11221 - 13913.
2020-06-22 14:08:43,738 [myid:] - INFO  [main:PortAssignment@87] - Assigned port 11240 from range 11221 - 13913.
2020-06-22 14:08:43,739 [myid:] - INFO  [main:PortAssignment@87] - Assigned port 11241 from range 11221 - 13913.
2020-06-22 14:08:43,739 [myid:] - INFO  [main:PortAssignment@87] - Assigned port 11242 from range 11221 - 13913.
2020-06-22 14:08:43,739 [myid:] - INFO  [main:PortAssignment@87] - Assigned port 11243 from range 11221 - 13913.
2020-06-22 14:08:43,739 [myid:] - INFO  [main:PortAssignment@87] - Assigned port 11244 from range 11221 - 13913.
2020-06-22 14:08:43,740 [myid:] - INFO  [main:PortAssignment@87] - Assigned port 11245 from range 11221 - 13913.
2020-06-22 14:08:43,740 [myid:] - INFO  [main:PortAssignment@87] - Assigned port 11246 from range 11221 - 13913.
2020-06-22 14:08:43,740 [myid:] - INFO  [main:PortAssignment@87] - Assigned port 11247 from range 11221 - 13913.
2020-06-22 14:08:43,740 [myid:] - INFO  [main:PortAssignment@87] - Assigned port 11248 from range 11221 - 13913.
2020-06-22 14:08:43,741 [myid:] - INFO  [main:PortAssignment@87] - Assigned port 11249 from range 11221 - 13913.
2020-06-22 14:08:43,741 [myid:] - INFO  [main:PortAssignment@87] - Assigned port 11250 from range 11221 - 13913.
2020-06-22 14:08:43,741 [myid:] - INFO  [main:PortAssignment@87] - Assigned port 11251 from range 11221 - 13913.
2020-06-22 14:08:43,742 [myid:] - INFO  [main:PortAssignment@87] - Assigned port 11252 from range 11221 - 13913.
2020-06-22 14:08:43,743 [myid:] - INFO  [main:QuorumPeerTestBase$MainThread@205] - id = 0 tmpDir = D:\desktop\git_repo\zookeeper-read\zookeeper-server\target\surefire\test686534229601697589.junit.dir clientPort = 11238 adminServerPort = 8080
2020-06-22 14:08:43,746 [myid:] - INFO  [Thread-11:QuorumPeerConfig@173] - Reading configuration from: D:\desktop\git_repo\zookeeper-read\zookeeper-server\target\surefire\test686534229601697589.junit.dir\zoo.cfg
2020-06-22 14:08:43,746 [myid:] - INFO  [Thread-11:QuorumPeerConfig@459] - clientPortAddress is 0.0.0.0:11238
2020-06-22 14:08:43,746 [myid:] - INFO  [Thread-11:QuorumPeerConfig@463] - secureClientPort is not set
2020-06-22 14:08:43,747 [myid:] - INFO  [Thread-11:QuorumPeerConfig@479] - observerMasterPort is not set
2020-06-22 14:08:43,747 [myid:] - INFO  [Thread-11:QuorumPeerConfig@496] - metricsProvider.className is org.apache.zookeeper.metrics.impl.DefaultMetricsProvider
2020-06-22 14:08:43,747 [myid:] - INFO  [main:QuorumPeerTestBase$MainThread@205] - id = 1 tmpDir = D:\desktop\git_repo\zookeeper-read\zookeeper-server\target\surefire\test5026846017242869060.junit.dir clientPort = 11241 adminServerPort = 8080
2020-06-22 14:08:43,747 [myid:0] - INFO  [Thread-11:DatadirCleanupManager@78] - autopurge.snapRetainCount set to 3
2020-06-22 14:08:43,747 [myid:0] - INFO  [Thread-11:DatadirCleanupManager@79] - autopurge.purgeInterval set to 0
2020-06-22 14:08:43,747 [myid:0] - INFO  [Thread-11:DatadirCleanupManager@101] - Purge task is not scheduled.
2020-06-22 14:08:43,747 [myid:0] - INFO  [Thread-11:ManagedUtil@44] - Log4j 1.2 jmx support found and enabled.
2020-06-22 14:08:43,748 [myid:0] - ERROR [Thread-11:ManagedUtil@109] - Problems while registering log4j 1.2 jmx beans!
javax.management.InstanceAlreadyExistsException: log4j:hierarchy=default
	at com.sun.jmx.mbeanserver.Repository.addMBean(Repository.java:437)
	at com.sun.jmx.interceptor.DefaultMBeanServerInterceptor.registerWithRepository(DefaultMBeanServerInterceptor.java:1898)
	at com.sun.jmx.interceptor.DefaultMBeanServerInterceptor.registerDynamicMBean(DefaultMBeanServerInterceptor.java:966)
	at com.sun.jmx.interceptor.DefaultMBeanServerInterceptor.registerObject(DefaultMBeanServerInterceptor.java:900)
	at com.sun.jmx.interceptor.DefaultMBeanServerInterceptor.registerMBean(DefaultMBeanServerInterceptor.java:324)
	at com.sun.jmx.mbeanserver.JmxMBeanServer.registerMBean(JmxMBeanServer.java:522)
	at org.apache.zookeeper.jmx.ManagedUtil.registerLog4jMBeans(ManagedUtil.java:72)
	at org.apache.zookeeper.server.quorum.QuorumPeerMain.runFromConfig(QuorumPeerMain.java:146)
	at org.apache.zookeeper.server.quorum.QuorumPeerMain.initializeAndRun(QuorumPeerMain.java:136)
	at org.apache.zookeeper.server.quorum.QuorumPeerTestBase$MainThread.run(QuorumPeerTestBase.java:329)
	at java.lang.Thread.run(Thread.java:748)
2020-06-22 14:08:43,748 [myid:0] - WARN  [Thread-11:QuorumPeerMain@148] - Unable to register log4j JMX control
javax.management.JMException: javax.management.InstanceAlreadyExistsException: log4j:hierarchy=default
	at org.apache.zookeeper.jmx.ManagedUtil.registerLog4jMBeans(ManagedUtil.java:110)
	at org.apache.zookeeper.server.quorum.QuorumPeerMain.runFromConfig(QuorumPeerMain.java:146)
	at org.apache.zookeeper.server.quorum.QuorumPeerMain.initializeAndRun(QuorumPeerMain.java:136)
	at org.apache.zookeeper.server.quorum.QuorumPeerTestBase$MainThread.run(QuorumPeerTestBase.java:329)
	at java.lang.Thread.run(Thread.java:748)
2020-06-22 14:08:43,748 [myid:0] - INFO  [Thread-11:QuorumPeerMain@151] - Starting quorum peer
2020-06-22 14:08:43,748 [myid:0] - INFO  [Thread-11:ServerMetrics@62] - ServerMetrics initialized with provider org.apache.zookeeper.metrics.impl.DefaultMetricsProvider@6652261c
2020-06-22 14:08:43,749 [myid:0] - INFO  [Thread-11:ServerCnxnFactory@169] - Using org.apache.zookeeper.server.NIOServerCnxnFactory as server connection factory
2020-06-22 14:08:43,749 [myid:0] - WARN  [Thread-11:ServerCnxnFactory@309] - maxCnxns is not configured, using default value 0.
2020-06-22 14:08:43,749 [myid:0] - INFO  [Thread-11:NIOServerCnxnFactory@666] - Configuring NIO connection handler with 10s sessionless connection timeout, 2 selector thread(s), 16 worker threads, and 64 kB direct buffers.
2020-06-22 14:08:43,750 [myid:] - INFO  [Thread-12:QuorumPeerConfig@173] - Reading configuration from: D:\desktop\git_repo\zookeeper-read\zookeeper-server\target\surefire\test5026846017242869060.junit.dir\zoo.cfg
2020-06-22 14:08:43,750 [myid:0] - INFO  [Thread-11:NIOServerCnxnFactory@674] - binding to port localhost/127.0.0.1:11238
2020-06-22 14:08:43,750 [myid:] - INFO  [main:QuorumPeerTestBase$MainThread@205] - id = 2 tmpDir = D:\desktop\git_repo\zookeeper-read\zookeeper-server\target\surefire\test5895676463052295538.junit.dir clientPort = 11244 adminServerPort = 8080
2020-06-22 14:08:43,751 [myid:] - INFO  [Thread-12:QuorumPeerConfig@459] - clientPortAddress is 0.0.0.0:11241
2020-06-22 14:08:43,751 [myid:] - INFO  [Thread-12:QuorumPeerConfig@463] - secureClientPort is not set
2020-06-22 14:08:43,751 [myid:] - INFO  [Thread-12:QuorumPeerConfig@479] - observerMasterPort is not set
2020-06-22 14:08:43,751 [myid:] - INFO  [Thread-12:QuorumPeerConfig@496] - metricsProvider.className is org.apache.zookeeper.metrics.impl.DefaultMetricsProvider
2020-06-22 14:08:43,751 [myid:0] - INFO  [Thread-11:FileTxnSnapLog@124] - zookeeper.snapshot.trust.empty : false
2020-06-22 14:08:43,752 [myid:1] - INFO  [Thread-12:DatadirCleanupManager@78] - autopurge.snapRetainCount set to 3
2020-06-22 14:08:43,752 [myid:1] - INFO  [Thread-12:DatadirCleanupManager@79] - autopurge.purgeInterval set to 0
2020-06-22 14:08:43,752 [myid:1] - INFO  [Thread-12:DatadirCleanupManager@101] - Purge task is not scheduled.
2020-06-22 14:08:43,752 [myid:0] - INFO  [Thread-11:QuorumPeer@1680] - Local sessions disabled
2020-06-22 14:08:43,752 [myid:1] - INFO  [Thread-12:ManagedUtil@44] - Log4j 1.2 jmx support found and enabled.
2020-06-22 14:08:43,752 [myid:0] - INFO  [Thread-11:QuorumPeer@1691] - Local session upgrading disabled
2020-06-22 14:08:43,752 [myid:0] - INFO  [Thread-11:QuorumPeer@1658] - tickTime set to 4000
2020-06-22 14:08:43,752 [myid:0] - INFO  [Thread-11:QuorumPeer@1702] - minSessionTimeout set to 8000
2020-06-22 14:08:43,752 [myid:0] - INFO  [Thread-11:QuorumPeer@1713] - maxSessionTimeout set to 80000
2020-06-22 14:08:43,752 [myid:0] - INFO  [Thread-11:QuorumPeer@1738] - initLimit set to 10
2020-06-22 14:08:43,752 [myid:0] - INFO  [Thread-11:QuorumPeer@1920] - syncLimit set to 5
2020-06-22 14:08:43,752 [myid:1] - ERROR [Thread-12:ManagedUtil@109] - Problems while registering log4j 1.2 jmx beans!
javax.management.InstanceAlreadyExistsException: log4j:hierarchy=default
	at com.sun.jmx.mbeanserver.Repository.addMBean(Repository.java:437)
	at com.sun.jmx.interceptor.DefaultMBeanServerInterceptor.registerWithRepository(DefaultMBeanServerInterceptor.java:1898)
	at com.sun.jmx.interceptor.DefaultMBeanServerInterceptor.registerDynamicMBean(DefaultMBeanServerInterceptor.java:966)
	at com.sun.jmx.interceptor.DefaultMBeanServerInterceptor.registerObject(DefaultMBeanServerInterceptor.java:900)
	at com.sun.jmx.interceptor.DefaultMBeanServerInterceptor.registerMBean(DefaultMBeanServerInterceptor.java:324)
	at com.sun.jmx.mbeanserver.JmxMBeanServer.registerMBean(JmxMBeanServer.java:522)
	at org.apache.zookeeper.jmx.ManagedUtil.registerLog4jMBeans(ManagedUtil.java:72)
	at org.apache.zookeeper.server.quorum.QuorumPeerMain.runFromConfig(QuorumPeerMain.java:146)
	at org.apache.zookeeper.server.quorum.QuorumPeerMain.initializeAndRun(QuorumPeerMain.java:136)
	at org.apache.zookeeper.server.quorum.QuorumPeerTestBase$MainThread.run(QuorumPeerTestBase.java:329)
	at java.lang.Thread.run(Thread.java:748)
2020-06-22 14:08:43,752 [myid:0] - INFO  [Thread-11:QuorumPeer@1935] - connectToLearnerMasterLimit set to 5
2020-06-22 14:08:43,752 [myid:1] - WARN  [Thread-12:QuorumPeerMain@148] - Unable to register log4j JMX control
javax.management.JMException: javax.management.InstanceAlreadyExistsException: log4j:hierarchy=default
	at org.apache.zookeeper.jmx.ManagedUtil.registerLog4jMBeans(ManagedUtil.java:110)
	at org.apache.zookeeper.server.quorum.QuorumPeerMain.runFromConfig(QuorumPeerMain.java:146)
	at org.apache.zookeeper.server.quorum.QuorumPeerMain.initializeAndRun(QuorumPeerMain.java:136)
	at org.apache.zookeeper.server.quorum.QuorumPeerTestBase$MainThread.run(QuorumPeerTestBase.java:329)
	at java.lang.Thread.run(Thread.java:748)
2020-06-22 14:08:43,752 [myid:1] - INFO  [Thread-12:QuorumPeerMain@151] - Starting quorum peer
2020-06-22 14:08:43,753 [myid:0] - INFO  [Thread-11:WatchManagerFactory@42] - Using org.apache.zookeeper.server.watch.WatchManager as watch manager
2020-06-22 14:08:43,753 [myid:1] - INFO  [Thread-12:ServerMetrics@62] - ServerMetrics initialized with provider org.apache.zookeeper.metrics.impl.DefaultMetricsProvider@aed8de0
2020-06-22 14:08:43,753 [myid:0] - INFO  [Thread-11:WatchManagerFactory@42] - Using org.apache.zookeeper.server.watch.WatchManager as watch manager
2020-06-22 14:08:43,753 [myid:0] - INFO  [Thread-11:ZKDatabase@132] - zookeeper.snapshotSizeFactor = 0.33
2020-06-22 14:08:43,753 [myid:0] - INFO  [Thread-11:ZKDatabase@152] - zookeeper.commitLogCount=500
2020-06-22 14:08:43,753 [myid:1] - INFO  [Thread-12:ServerCnxnFactory@169] - Using org.apache.zookeeper.server.NIOServerCnxnFactory as server connection factory
2020-06-22 14:08:43,753 [myid:1] - WARN  [Thread-12:ServerCnxnFactory@309] - maxCnxns is not configured, using default value 0.
2020-06-22 14:08:43,753 [myid:] - INFO  [Thread-13:QuorumPeerConfig@173] - Reading configuration from: D:\desktop\git_repo\zookeeper-read\zookeeper-server\target\surefire\test5895676463052295538.junit.dir\zoo.cfg
2020-06-22 14:08:43,753 [myid:1] - INFO  [Thread-12:NIOServerCnxnFactory@666] - Configuring NIO connection handler with 10s sessionless connection timeout, 2 selector thread(s), 16 worker threads, and 64 kB direct buffers.
2020-06-22 14:08:43,753 [myid:0] - INFO  [Thread-11:QuorumPeer@2001] - Using insecure (non-TLS) quorum communication
2020-06-22 14:08:43,753 [myid:0] - INFO  [Thread-11:QuorumPeer@2007] - Port unification disabled
2020-06-22 14:08:43,753 [myid:0] - INFO  [Thread-11:QuorumPeer@174] - multiAddress.enabled set to false
2020-06-22 14:08:43,753 [myid:0] - INFO  [Thread-11:QuorumPeer@199] - multiAddress.reachabilityCheckEnabled set to true
2020-06-22 14:08:43,753 [myid:0] - INFO  [Thread-11:QuorumPeer@186] - multiAddress.reachabilityCheckTimeoutMs set to 1000
2020-06-22 14:08:43,754 [myid:0] - INFO  [Thread-11:QuorumPeer@2461] - QuorumPeer communication is not secured! (SASL auth disabled)
2020-06-22 14:08:43,754 [myid:0] - INFO  [Thread-11:QuorumPeer@2486] - quorum.cnxn.threads.size set to 20
2020-06-22 14:08:43,753 [myid:] - INFO  [Thread-13:QuorumPeerConfig@459] - clientPortAddress is 0.0.0.0:11244
2020-06-22 14:08:43,754 [myid:] - INFO  [Thread-13:QuorumPeerConfig@463] - secureClientPort is not set
2020-06-22 14:08:43,754 [myid:] - INFO  [Thread-13:QuorumPeerConfig@479] - observerMasterPort is not set
2020-06-22 14:08:43,754 [myid:] - INFO  [Thread-13:QuorumPeerConfig@496] - metricsProvider.className is org.apache.zookeeper.metrics.impl.DefaultMetricsProvider
2020-06-22 14:08:43,754 [myid:0] - INFO  [Thread-11:FileTxnSnapLog@251] - Initialize file found, an empty database will not block voting participation
2020-06-22 14:08:43,754 [myid:] - INFO  [main:QuorumPeerTestBase$MainThread@205] - id = 3 tmpDir = D:\desktop\git_repo\zookeeper-read\zookeeper-server\target\surefire\test7881062726506247616.junit.dir clientPort = 11247 adminServerPort = 8080
2020-06-22 14:08:43,754 [myid:0] - INFO  [Thread-11:FileTxnSnapLog@470] - Snapshotting: 0x0 to D:\desktop\git_repo\zookeeper-read\zookeeper-server\target\surefire\test686534229601697589.junit.dir\data\version-2\snapshot.0
2020-06-22 14:08:43,754 [myid:2] - INFO  [Thread-13:DatadirCleanupManager@78] - autopurge.snapRetainCount set to 3
2020-06-22 14:08:43,754 [myid:2] - INFO  [Thread-13:DatadirCleanupManager@79] - autopurge.purgeInterval set to 0
2020-06-22 14:08:43,754 [myid:2] - INFO  [Thread-13:DatadirCleanupManager@101] - Purge task is not scheduled.
2020-06-22 14:08:43,754 [myid:2] - INFO  [Thread-13:ManagedUtil@44] - Log4j 1.2 jmx support found and enabled.
2020-06-22 14:08:43,755 [myid:1] - INFO  [Thread-12:NIOServerCnxnFactory@674] - binding to port localhost/127.0.0.1:11241
2020-06-22 14:08:43,755 [myid:0] - INFO  [Thread-11:ZKDatabase@289] - Snapshot loaded in 1 ms, highest zxid is 0x0, digest is 1371985504
2020-06-22 14:08:43,755 [myid:0] - INFO  [Thread-11:QuorumPeer@1102] - currentEpoch not found! Creating with a reasonable default of 0. This should only happen when you are upgrading your installation
2020-06-22 14:08:43,755 [myid:2] - ERROR [Thread-13:ManagedUtil@109] - Problems while registering log4j 1.2 jmx beans!
javax.management.InstanceAlreadyExistsException: log4j:hierarchy=default
	at com.sun.jmx.mbeanserver.Repository.addMBean(Repository.java:437)
	at com.sun.jmx.interceptor.DefaultMBeanServerInterceptor.registerWithRepository(DefaultMBeanServerInterceptor.java:1898)
	at com.sun.jmx.interceptor.DefaultMBeanServerInterceptor.registerDynamicMBean(DefaultMBeanServerInterceptor.java:966)
	at com.sun.jmx.interceptor.DefaultMBeanServerInterceptor.registerObject(DefaultMBeanServerInterceptor.java:900)
	at com.sun.jmx.interceptor.DefaultMBeanServerInterceptor.registerMBean(DefaultMBeanServerInterceptor.java:324)
	at com.sun.jmx.mbeanserver.JmxMBeanServer.registerMBean(JmxMBeanServer.java:522)
	at org.apache.zookeeper.jmx.ManagedUtil.registerLog4jMBeans(ManagedUtil.java:72)
	at org.apache.zookeeper.server.quorum.QuorumPeerMain.runFromConfig(QuorumPeerMain.java:146)
	at org.apache.zookeeper.server.quorum.QuorumPeerMain.initializeAndRun(QuorumPeerMain.java:136)
	at org.apache.zookeeper.server.quorum.QuorumPeerTestBase$MainThread.run(QuorumPeerTestBase.java:329)
	at java.lang.Thread.run(Thread.java:748)
2020-06-22 14:08:43,756 [myid:2] - WARN  [Thread-13:QuorumPeerMain@148] - Unable to register log4j JMX control
javax.management.JMException: javax.management.InstanceAlreadyExistsException: log4j:hierarchy=default
	at org.apache.zookeeper.jmx.ManagedUtil.registerLog4jMBeans(ManagedUtil.java:110)
	at org.apache.zookeeper.server.quorum.QuorumPeerMain.runFromConfig(QuorumPeerMain.java:146)
	at org.apache.zookeeper.server.quorum.QuorumPeerMain.initializeAndRun(QuorumPeerMain.java:136)
	at org.apache.zookeeper.server.quorum.QuorumPeerTestBase$MainThread.run(QuorumPeerTestBase.java:329)
	at java.lang.Thread.run(Thread.java:748)
2020-06-22 14:08:43,756 [myid:2] - INFO  [Thread-13:QuorumPeerMain@151] - Starting quorum peer
2020-06-22 14:08:43,756 [myid:1] - INFO  [Thread-12:FileTxnSnapLog@124] - zookeeper.snapshot.trust.empty : false
2020-06-22 14:08:43,756 [myid:2] - INFO  [Thread-13:ServerMetrics@62] - ServerMetrics initialized with provider org.apache.zookeeper.metrics.impl.DefaultMetricsProvider@66acb81a
2020-06-22 14:08:43,756 [myid:2] - INFO  [Thread-13:ServerCnxnFactory@169] - Using org.apache.zookeeper.server.NIOServerCnxnFactory as server connection factory
2020-06-22 14:08:43,756 [myid:2] - WARN  [Thread-13:ServerCnxnFactory@309] - maxCnxns is not configured, using default value 0.
2020-06-22 14:08:43,756 [myid:2] - INFO  [Thread-13:NIOServerCnxnFactory@666] - Configuring NIO connection handler with 10s sessionless connection timeout, 2 selector thread(s), 16 worker threads, and 64 kB direct buffers.
2020-06-22 14:08:43,757 [myid:1] - INFO  [Thread-12:QuorumPeer@1680] - Local sessions disabled
2020-06-22 14:08:43,757 [myid:1] - INFO  [Thread-12:QuorumPeer@1691] - Local session upgrading disabled
2020-06-22 14:08:43,757 [myid:1] - INFO  [Thread-12:QuorumPeer@1658] - tickTime set to 4000
2020-06-22 14:08:43,757 [myid:1] - INFO  [Thread-12:QuorumPeer@1702] - minSessionTimeout set to 8000
2020-06-22 14:08:43,757 [myid:1] - INFO  [Thread-12:QuorumPeer@1713] - maxSessionTimeout set to 80000
2020-06-22 14:08:43,757 [myid:1] - INFO  [Thread-12:QuorumPeer@1738] - initLimit set to 10
2020-06-22 14:08:43,758 [myid:1] - INFO  [Thread-12:QuorumPeer@1920] - syncLimit set to 5
2020-06-22 14:08:43,758 [myid:1] - INFO  [Thread-12:QuorumPeer@1935] - connectToLearnerMasterLimit set to 5
2020-06-22 14:08:43,758 [myid:1] - INFO  [Thread-12:WatchManagerFactory@42] - Using org.apache.zookeeper.server.watch.WatchManager as watch manager
2020-06-22 14:08:43,758 [myid:0] - INFO  [Thread-11:QuorumPeer@1122] - acceptedEpoch not found! Creating with a reasonable default of 0. This should only happen when you are upgrading your installation
2020-06-22 14:08:43,758 [myid:2] - INFO  [Thread-13:NIOServerCnxnFactory@674] - binding to port localhost/127.0.0.1:11244
2020-06-22 14:08:43,758 [myid:1] - INFO  [Thread-12:WatchManagerFactory@42] - Using org.apache.zookeeper.server.watch.WatchManager as watch manager
2020-06-22 14:08:43,758 [myid:1] - INFO  [Thread-12:ZKDatabase@132] - zookeeper.snapshotSizeFactor = 0.33
2020-06-22 14:08:43,759 [myid:1] - INFO  [Thread-12:ZKDatabase@152] - zookeeper.commitLogCount=500
2020-06-22 14:08:43,759 [myid:1] - INFO  [Thread-12:QuorumPeer@2001] - Using insecure (non-TLS) quorum communication
2020-06-22 14:08:43,759 [myid:2] - INFO  [Thread-13:FileTxnSnapLog@124] - zookeeper.snapshot.trust.empty : false
2020-06-22 14:08:43,759 [myid:1] - INFO  [Thread-12:QuorumPeer@2007] - Port unification disabled
2020-06-22 14:08:43,759 [myid:1] - INFO  [Thread-12:QuorumPeer@174] - multiAddress.enabled set to false
2020-06-22 14:08:43,759 [myid:1] - INFO  [Thread-12:QuorumPeer@199] - multiAddress.reachabilityCheckEnabled set to true
2020-06-22 14:08:43,759 [myid:1] - INFO  [Thread-12:QuorumPeer@186] - multiAddress.reachabilityCheckTimeoutMs set to 1000
2020-06-22 14:08:43,759 [myid:1] - INFO  [Thread-12:QuorumPeer@2461] - QuorumPeer communication is not secured! (SASL auth disabled)
2020-06-22 14:08:43,759 [myid:1] - INFO  [Thread-12:QuorumPeer@2486] - quorum.cnxn.threads.size set to 20
2020-06-22 14:08:43,760 [myid:2] - INFO  [Thread-13:QuorumPeer@1680] - Local sessions disabled
2020-06-22 14:08:43,760 [myid:1] - INFO  [Thread-12:FileTxnSnapLog@251] - Initialize file found, an empty database will not block voting participation
2020-06-22 14:08:43,760 [myid:2] - INFO  [Thread-13:QuorumPeer@1691] - Local session upgrading disabled
2020-06-22 14:08:43,760 [myid:2] - INFO  [Thread-13:QuorumPeer@1658] - tickTime set to 4000
2020-06-22 14:08:43,760 [myid:2] - INFO  [Thread-13:QuorumPeer@1702] - minSessionTimeout set to 8000
2020-06-22 14:08:43,760 [myid:1] - INFO  [Thread-12:FileTxnSnapLog@470] - Snapshotting: 0x0 to D:\desktop\git_repo\zookeeper-read\zookeeper-server\target\surefire\test5026846017242869060.junit.dir\data\version-2\snapshot.0
2020-06-22 14:08:43,760 [myid:2] - INFO  [Thread-13:QuorumPeer@1713] - maxSessionTimeout set to 80000
2020-06-22 14:08:43,760 [myid:2] - INFO  [Thread-13:QuorumPeer@1738] - initLimit set to 10
2020-06-22 14:08:43,760 [myid:2] - INFO  [Thread-13:QuorumPeer@1920] - syncLimit set to 5
2020-06-22 14:08:43,760 [myid:0] - INFO  [Thread-11:QuorumPeer@2503] - Using 20000ms as the quorum cnxn socket timeout
2020-06-22 14:08:43,760 [myid:2] - INFO  [Thread-13:QuorumPeer@1935] - connectToLearnerMasterLimit set to 5
2020-06-22 14:08:43,760 [myid:0] - INFO  [Thread-11:QuorumCnxManager$Listener@923] - Election port bind maximum retries is 3
2020-06-22 14:08:43,761 [myid:2] - INFO  [Thread-13:WatchManagerFactory@42] - Using org.apache.zookeeper.server.watch.WatchManager as watch manager
2020-06-22 14:08:43,761 [myid:2] - INFO  [Thread-13:WatchManagerFactory@42] - Using org.apache.zookeeper.server.watch.WatchManager as watch manager
2020-06-22 14:08:43,761 [myid:1] - INFO  [Thread-12:ZKDatabase@289] - Snapshot loaded in 1 ms, highest zxid is 0x0, digest is 1371985504
2020-06-22 14:08:43,761 [myid:1] - INFO  [Thread-12:QuorumPeer@1102] - currentEpoch not found! Creating with a reasonable default of 0. This should only happen when you are upgrading your installation
2020-06-22 14:08:43,761 [myid:2] - INFO  [Thread-13:ZKDatabase@132] - zookeeper.snapshotSizeFactor = 0.33
2020-06-22 14:08:43,762 [myid:2] - INFO  [Thread-13:ZKDatabase@152] - zookeeper.commitLogCount=500
2020-06-22 14:08:43,762 [myid:] - INFO  [Thread-14:QuorumPeerConfig@173] - Reading configuration from: D:\desktop\git_repo\zookeeper-read\zookeeper-server\target\surefire\test7881062726506247616.junit.dir\zoo.cfg
2020-06-22 14:08:43,763 [myid:2] - INFO  [Thread-13:QuorumPeer@2001] - Using insecure (non-TLS) quorum communication
2020-06-22 14:08:43,763 [myid:2] - INFO  [Thread-13:QuorumPeer@2007] - Port unification disabled
2020-06-22 14:08:43,763 [myid:2] - INFO  [Thread-13:QuorumPeer@174] - multiAddress.enabled set to false
2020-06-22 14:08:43,763 [myid:2] - INFO  [Thread-13:QuorumPeer@199] - multiAddress.reachabilityCheckEnabled set to true
2020-06-22 14:08:43,763 [myid:2] - INFO  [Thread-13:QuorumPeer@186] - multiAddress.reachabilityCheckTimeoutMs set to 1000
2020-06-22 14:08:43,763 [myid:2] - INFO  [Thread-13:QuorumPeer@2461] - QuorumPeer communication is not secured! (SASL auth disabled)
2020-06-22 14:08:43,763 [myid:0] - INFO  [QuorumPeer[myid=0](plain=127.0.0.1:11238)(secure=disabled):QuorumPeer@1371] - LOOKING
2020-06-22 14:08:43,763 [myid:0] - INFO  [ListenerHandler-localhost/127.0.0.1:11240:QuorumCnxManager$Listener$ListenerHandler@1065] - 0 is accepting connections now, my election bind port: localhost/127.0.0.1:11240
2020-06-22 14:08:43,763 [myid:2] - INFO  [Thread-13:QuorumPeer@2486] - quorum.cnxn.threads.size set to 20
2020-06-22 14:08:43,763 [myid:0] - INFO  [QuorumPeer[myid=0](plain=127.0.0.1:11238)(secure=disabled):FastLeaderElection@944] - New election. My id = 0, proposed zxid=0x0
2020-06-22 14:08:43,763 [myid:] - INFO  [Thread-14:QuorumPeerConfig@459] - clientPortAddress is 0.0.0.0:11247
2020-06-22 14:08:43,763 [myid:] - INFO  [Thread-14:QuorumPeerConfig@463] - secureClientPort is not set
2020-06-22 14:08:43,763 [myid:] - INFO  [Thread-14:QuorumPeerConfig@479] - observerMasterPort is not set
2020-06-22 14:08:43,763 [myid:] - INFO  [Thread-14:QuorumPeerConfig@496] - metricsProvider.className is org.apache.zookeeper.metrics.impl.DefaultMetricsProvider
2020-06-22 14:08:43,764 [myid:2] - INFO  [Thread-13:FileTxnSnapLog@251] - Initialize file found, an empty database will not block voting participation
2020-06-22 14:08:43,764 [myid:2] - INFO  [Thread-13:FileTxnSnapLog@470] - Snapshotting: 0x0 to D:\desktop\git_repo\zookeeper-read\zookeeper-server\target\surefire\test5895676463052295538.junit.dir\data\version-2\snapshot.0
2020-06-22 14:08:43,764 [myid:3] - INFO  [Thread-14:DatadirCleanupManager@78] - autopurge.snapRetainCount set to 3
2020-06-22 14:08:43,764 [myid:3] - INFO  [Thread-14:DatadirCleanupManager@79] - autopurge.purgeInterval set to 0
2020-06-22 14:08:43,764 [myid:3] - INFO  [Thread-14:DatadirCleanupManager@101] - Purge task is not scheduled.
2020-06-22 14:08:43,764 [myid:3] - INFO  [Thread-14:ManagedUtil@44] - Log4j 1.2 jmx support found and enabled.
2020-06-22 14:08:43,764 [myid:0] - INFO  [WorkerReceiver[myid=0]:FastLeaderElection$Messenger$WorkerReceiver@389] - Notification: my state:LOOKING; n.sid:0, n.state:LOOKING, n.leader:0, n.round:0x1, n.peerEpoch:0x0, n.zxid:0x0, message format version:0x2, n.config version:0x100000000
2020-06-22 14:08:43,764 [myid:1] - INFO  [Thread-12:QuorumPeer@1122] - acceptedEpoch not found! Creating with a reasonable default of 0. This should only happen when you are upgrading your installation
2020-06-22 14:08:43,764 [myid:3] - ERROR [Thread-14:ManagedUtil@109] - Problems while registering log4j 1.2 jmx beans!
javax.management.InstanceAlreadyExistsException: log4j:hierarchy=default
	at com.sun.jmx.mbeanserver.Repository.addMBean(Repository.java:437)
	at com.sun.jmx.interceptor.DefaultMBeanServerInterceptor.registerWithRepository(DefaultMBeanServerInterceptor.java:1898)
	at com.sun.jmx.interceptor.DefaultMBeanServerInterceptor.registerDynamicMBean(DefaultMBeanServerInterceptor.java:966)
	at com.sun.jmx.interceptor.DefaultMBeanServerInterceptor.registerObject(DefaultMBeanServerInterceptor.java:900)
	at com.sun.jmx.interceptor.DefaultMBeanServerInterceptor.registerMBean(DefaultMBeanServerInterceptor.java:324)
	at com.sun.jmx.mbeanserver.JmxMBeanServer.registerMBean(JmxMBeanServer.java:522)
	at org.apache.zookeeper.jmx.ManagedUtil.registerLog4jMBeans(ManagedUtil.java:72)
	at org.apache.zookeeper.server.quorum.QuorumPeerMain.runFromConfig(QuorumPeerMain.java:146)
	at org.apache.zookeeper.server.quorum.QuorumPeerMain.initializeAndRun(QuorumPeerMain.java:136)
	at org.apache.zookeeper.server.quorum.QuorumPeerTestBase$MainThread.run(QuorumPeerTestBase.java:329)
	at java.lang.Thread.run(Thread.java:748)
2020-06-22 14:08:43,765 [myid:3] - WARN  [Thread-14:QuorumPeerMain@148] - Unable to register log4j JMX control
javax.management.JMException: javax.management.InstanceAlreadyExistsException: log4j:hierarchy=default
	at org.apache.zookeeper.jmx.ManagedUtil.registerLog4jMBeans(ManagedUtil.java:110)
	at org.apache.zookeeper.server.quorum.QuorumPeerMain.runFromConfig(QuorumPeerMain.java:146)
	at org.apache.zookeeper.server.quorum.QuorumPeerMain.initializeAndRun(QuorumPeerMain.java:136)
	at org.apache.zookeeper.server.quorum.QuorumPeerTestBase$MainThread.run(QuorumPeerTestBase.java:329)
	at java.lang.Thread.run(Thread.java:748)
2020-06-22 14:08:43,765 [myid:3] - INFO  [Thread-14:QuorumPeerMain@151] - Starting quorum peer
2020-06-22 14:08:43,765 [myid:3] - INFO  [Thread-14:ServerMetrics@62] - ServerMetrics initialized with provider org.apache.zookeeper.metrics.impl.DefaultMetricsProvider@18b6dddf
2020-06-22 14:08:43,765 [myid:2] - INFO  [Thread-13:ZKDatabase@289] - Snapshot loaded in 2 ms, highest zxid is 0x0, digest is 1371985504
2020-06-22 14:08:43,765 [myid:] - INFO  [main:QuorumPeerTestBase$MainThread@205] - id = 4 tmpDir = D:\desktop\git_repo\zookeeper-read\zookeeper-server\target\surefire\test2480055914949451420.junit.dir clientPort = 11250 adminServerPort = 8080
2020-06-22 14:08:43,765 [myid:2] - INFO  [Thread-13:QuorumPeer@1102] - currentEpoch not found! Creating with a reasonable default of 0. This should only happen when you are upgrading your installation
2020-06-22 14:08:43,765 [myid:3] - INFO  [Thread-14:ServerCnxnFactory@169] - Using org.apache.zookeeper.server.NIOServerCnxnFactory as server connection factory
2020-06-22 14:08:43,765 [myid:3] - WARN  [Thread-14:ServerCnxnFactory@309] - maxCnxns is not configured, using default value 0.
2020-06-22 14:08:43,765 [myid:3] - INFO  [Thread-14:NIOServerCnxnFactory@666] - Configuring NIO connection handler with 10s sessionless connection timeout, 2 selector thread(s), 16 worker threads, and 64 kB direct buffers.
2020-06-22 14:08:43,766 [myid:3] - INFO  [Thread-14:NIOServerCnxnFactory@674] - binding to port localhost/127.0.0.1:11247
2020-06-22 14:08:43,767 [myid:3] - INFO  [Thread-14:FileTxnSnapLog@124] - zookeeper.snapshot.trust.empty : false
2020-06-22 14:08:43,767 [myid:1] - INFO  [Thread-12:QuorumPeer@2503] - Using 20000ms as the quorum cnxn socket timeout
2020-06-22 14:08:43,767 [myid:1] - INFO  [Thread-12:QuorumCnxManager$Listener@923] - Election port bind maximum retries is 3
2020-06-22 14:08:43,768 [myid:3] - INFO  [Thread-14:QuorumPeer@1680] - Local sessions disabled
2020-06-22 14:08:43,768 [myid:3] - INFO  [Thread-14:QuorumPeer@1691] - Local session upgrading disabled
2020-06-22 14:08:43,768 [myid:2] - INFO  [Thread-13:QuorumPeer@1122] - acceptedEpoch not found! Creating with a reasonable default of 0. This should only happen when you are upgrading your installation
2020-06-22 14:08:43,768 [myid:3] - INFO  [Thread-14:QuorumPeer@1658] - tickTime set to 4000
2020-06-22 14:08:43,768 [myid:3] - INFO  [Thread-14:QuorumPeer@1702] - minSessionTimeout set to 8000
2020-06-22 14:08:43,769 [myid:3] - INFO  [Thread-14:QuorumPeer@1713] - maxSessionTimeout set to 80000
2020-06-22 14:08:43,769 [myid:3] - INFO  [Thread-14:QuorumPeer@1738] - initLimit set to 10
2020-06-22 14:08:43,769 [myid:3] - INFO  [Thread-14:QuorumPeer@1920] - syncLimit set to 5
2020-06-22 14:08:43,769 [myid:3] - INFO  [Thread-14:QuorumPeer@1935] - connectToLearnerMasterLimit set to 5
2020-06-22 14:08:43,769 [myid:1] - INFO  [ListenerHandler-localhost/127.0.0.1:11243:QuorumCnxManager$Listener$ListenerHandler@1065] - 1 is accepting connections now, my election bind port: localhost/127.0.0.1:11243
2020-06-22 14:08:43,769 [myid:] - INFO  [main:FourLetterWordMain@93] - connecting to 127.0.0.1 11238
2020-06-22 14:08:43,769 [myid:] - INFO  [Thread-15:QuorumPeerConfig@173] - Reading configuration from: D:\desktop\git_repo\zookeeper-read\zookeeper-server\target\surefire\test2480055914949451420.junit.dir\zoo.cfg
2020-06-22 14:08:43,769 [myid:3] - INFO  [Thread-14:WatchManagerFactory@42] - Using org.apache.zookeeper.server.watch.WatchManager as watch manager
2020-06-22 14:08:43,769 [myid:1] - INFO  [QuorumPeer[myid=1](plain=127.0.0.1:11241)(secure=disabled):QuorumPeer@1371] - LOOKING
2020-06-22 14:08:43,769 [myid:3] - INFO  [Thread-14:WatchManagerFactory@42] - Using org.apache.zookeeper.server.watch.WatchManager as watch manager
2020-06-22 14:08:43,769 [myid:3] - INFO  [Thread-14:ZKDatabase@132] - zookeeper.snapshotSizeFactor = 0.33
2020-06-22 14:08:43,769 [myid:3] - INFO  [Thread-14:ZKDatabase@152] - zookeeper.commitLogCount=500
2020-06-22 14:08:43,769 [myid:1] - INFO  [QuorumPeer[myid=1](plain=127.0.0.1:11241)(secure=disabled):FastLeaderElection@944] - New election. My id = 1, proposed zxid=0x0
2020-06-22 14:08:43,770 [myid:] - INFO  [Thread-15:QuorumPeerConfig@459] - clientPortAddress is 0.0.0.0:11250
2020-06-22 14:08:43,770 [myid:] - INFO  [Thread-15:QuorumPeerConfig@463] - secureClientPort is not set
2020-06-22 14:08:43,771 [myid:3] - INFO  [Thread-14:QuorumPeer@2001] - Using insecure (non-TLS) quorum communication
2020-06-22 14:08:43,771 [myid:] - INFO  [Thread-15:QuorumPeerConfig@479] - observerMasterPort is not set
2020-06-22 14:08:43,771 [myid:3] - INFO  [Thread-14:QuorumPeer@2007] - Port unification disabled
2020-06-22 14:08:43,771 [myid:3] - INFO  [Thread-14:QuorumPeer@174] - multiAddress.enabled set to false
2020-06-22 14:08:43,772 [myid:3] - INFO  [Thread-14:QuorumPeer@199] - multiAddress.reachabilityCheckEnabled set to true
2020-06-22 14:08:43,771 [myid:2] - INFO  [Thread-13:QuorumPeer@2503] - Using 20000ms as the quorum cnxn socket timeout
2020-06-22 14:08:43,772 [myid:0] - INFO  [NIOWorkerThread-1:NIOServerCnxn@507] - Processing stat command from /127.0.0.1:60835
2020-06-22 14:08:43,772 [myid:3] - INFO  [Thread-14:QuorumPeer@186] - multiAddress.reachabilityCheckTimeoutMs set to 1000
2020-06-22 14:08:43,771 [myid:] - INFO  [Thread-15:QuorumPeerConfig@496] - metricsProvider.className is org.apache.zookeeper.metrics.impl.DefaultMetricsProvider
2020-06-22 14:08:43,773 [myid:3] - INFO  [Thread-14:QuorumPeer@2461] - QuorumPeer communication is not secured! (SASL auth disabled)
2020-06-22 14:08:43,773 [myid:3] - INFO  [Thread-14:QuorumPeer@2486] - quorum.cnxn.threads.size set to 20
2020-06-22 14:08:43,772 [myid:1] - INFO  [WorkerReceiver[myid=1]:FastLeaderElection$Messenger$WorkerReceiver@389] - Notification: my state:LOOKING; n.sid:1, n.state:LOOKING, n.leader:1, n.round:0x1, n.peerEpoch:0x0, n.zxid:0x0, message format version:0x2, n.config version:0x200000000
2020-06-22 14:08:43,772 [myid:2] - INFO  [Thread-13:QuorumCnxManager$Listener@923] - Election port bind maximum retries is 3
2020-06-22 14:08:43,773 [myid:0] - INFO  [ListenerHandler-localhost/127.0.0.1:11240:QuorumCnxManager$Listener$ListenerHandler@1070] - Received connection request from /127.0.0.1:60836
2020-06-22 14:08:43,773 [myid:3] - INFO  [Thread-14:FileTxnSnapLog@251] - Initialize file found, an empty database will not block voting participation
2020-06-22 14:08:43,774 [myid:3] - INFO  [Thread-14:FileTxnSnapLog@470] - Snapshotting: 0x0 to D:\desktop\git_repo\zookeeper-read\zookeeper-server\target\surefire\test7881062726506247616.junit.dir\data\version-2\snapshot.0
2020-06-22 14:08:43,775 [myid:4] - INFO  [Thread-15:DatadirCleanupManager@78] - autopurge.snapRetainCount set to 3
2020-06-22 14:08:43,775 [myid:4] - INFO  [Thread-15:DatadirCleanupManager@79] - autopurge.purgeInterval set to 0
2020-06-22 14:08:43,775 [myid:4] - INFO  [Thread-15:DatadirCleanupManager@101] - Purge task is not scheduled.
2020-06-22 14:08:43,775 [myid:4] - INFO  [Thread-15:ManagedUtil@44] - Log4j 1.2 jmx support found and enabled.
2020-06-22 14:08:43,776 [myid:2] - INFO  [ListenerHandler-localhost/127.0.0.1:11246:QuorumCnxManager$Listener$ListenerHandler@1065] - 2 is accepting connections now, my election bind port: localhost/127.0.0.1:11246
2020-06-22 14:08:43,776 [myid:3] - INFO  [Thread-14:ZKDatabase@289] - Snapshot loaded in 3 ms, highest zxid is 0x0, digest is 1371985504
2020-06-22 14:08:43,776 [myid:4] - ERROR [Thread-15:ManagedUtil@109] - Problems while registering log4j 1.2 jmx beans!
javax.management.InstanceAlreadyExistsException: log4j:hierarchy=default
	at com.sun.jmx.mbeanserver.Repository.addMBean(Repository.java:437)
	at com.sun.jmx.interceptor.DefaultMBeanServerInterceptor.registerWithRepository(DefaultMBeanServerInterceptor.java:1898)
	at com.sun.jmx.interceptor.DefaultMBeanServerInterceptor.registerDynamicMBean(DefaultMBeanServerInterceptor.java:966)
	at com.sun.jmx.interceptor.DefaultMBeanServerInterceptor.registerObject(DefaultMBeanServerInterceptor.java:900)
	at com.sun.jmx.interceptor.DefaultMBeanServerInterceptor.registerMBean(DefaultMBeanServerInterceptor.java:324)
	at com.sun.jmx.mbeanserver.JmxMBeanServer.registerMBean(JmxMBeanServer.java:522)
	at org.apache.zookeeper.jmx.ManagedUtil.registerLog4jMBeans(ManagedUtil.java:72)
	at org.apache.zookeeper.server.quorum.QuorumPeerMain.runFromConfig(QuorumPeerMain.java:146)
	at org.apache.zookeeper.server.quorum.QuorumPeerMain.initializeAndRun(QuorumPeerMain.java:136)
	at org.apache.zookeeper.server.quorum.QuorumPeerTestBase$MainThread.run(QuorumPeerTestBase.java:329)
	at java.lang.Thread.run(Thread.java:748)
2020-06-22 14:08:43,776 [myid:2] - INFO  [QuorumPeer[myid=2](plain=127.0.0.1:11244)(secure=disabled):QuorumPeer@1371] - LOOKING
2020-06-22 14:08:43,776 [myid:4] - WARN  [Thread-15:QuorumPeerMain@148] - Unable to register log4j JMX control
javax.management.JMException: javax.management.InstanceAlreadyExistsException: log4j:hierarchy=default
	at org.apache.zookeeper.jmx.ManagedUtil.registerLog4jMBeans(ManagedUtil.java:110)
	at org.apache.zookeeper.server.quorum.QuorumPeerMain.runFromConfig(QuorumPeerMain.java:146)
	at org.apache.zookeeper.server.quorum.QuorumPeerMain.initializeAndRun(QuorumPeerMain.java:136)
	at org.apache.zookeeper.server.quorum.QuorumPeerTestBase$MainThread.run(QuorumPeerTestBase.java:329)
	at java.lang.Thread.run(Thread.java:748)
2020-06-22 14:08:43,776 [myid:4] - INFO  [Thread-15:QuorumPeerMain@151] - Starting quorum peer
2020-06-22 14:08:43,776 [myid:3] - INFO  [Thread-14:QuorumPeer@1102] - currentEpoch not found! Creating with a reasonable default of 0. This should only happen when you are upgrading your installation
2020-06-22 14:08:43,776 [myid:0] - INFO  [WorkerReceiver[myid=0]:FastLeaderElection$Messenger$WorkerReceiver@307] - 0 Received version: 200000000 my version: 100000000
2020-06-22 14:08:43,776 [myid:1] - INFO  [WorkerReceiver[myid=1]:FastLeaderElection$Messenger$WorkerReceiver@389] - Notification: my state:LOOKING; n.sid:0, n.state:LOOKING, n.leader:0, n.round:0x1, n.peerEpoch:0x0, n.zxid:0x0, message format version:0x2, n.config version:0x100000000
2020-06-22 14:08:43,776 [myid:4] - INFO  [Thread-15:ServerMetrics@62] - ServerMetrics initialized with provider org.apache.zookeeper.metrics.impl.DefaultMetricsProvider@33d3f149
2020-06-22 14:08:43,776 [myid:2] - INFO  [QuorumPeer[myid=2](plain=127.0.0.1:11244)(secure=disabled):FastLeaderElection@944] - New election. My id = 2, proposed zxid=0x0
2020-06-22 14:08:43,777 [myid:4] - INFO  [Thread-15:ServerCnxnFactory@169] - Using org.apache.zookeeper.server.NIOServerCnxnFactory as server connection factory
2020-06-22 14:08:43,777 [myid:4] - WARN  [Thread-15:ServerCnxnFactory@309] - maxCnxns is not configured, using default value 0.
2020-06-22 14:08:43,777 [myid:4] - INFO  [Thread-15:NIOServerCnxnFactory@666] - Configuring NIO connection handler with 10s sessionless connection timeout, 2 selector thread(s), 16 worker threads, and 64 kB direct buffers.
2020-06-22 14:08:43,778 [myid:0] - INFO  [ListenerHandler-localhost/127.0.0.1:11240:QuorumCnxManager$Listener$ListenerHandler@1070] - Received connection request from /127.0.0.1:60842
2020-06-22 14:08:43,778 [myid:2] - INFO  [WorkerReceiver[myid=2]:FastLeaderElection$Messenger$WorkerReceiver@389] - Notification: my state:LOOKING; n.sid:2, n.state:LOOKING, n.leader:2, n.round:0x1, n.peerEpoch:0x0, n.zxid:0x0, message format version:0x2, n.config version:0x200000000
2020-06-22 14:08:43,779 [myid:1] - INFO  [ListenerHandler-localhost/127.0.0.1:11243:QuorumCnxManager$Listener$ListenerHandler@1070] - Received connection request from /127.0.0.1:60845
2020-06-22 14:08:43,780 [myid:3] - INFO  [Thread-14:QuorumPeer@1122] - acceptedEpoch not found! Creating with a reasonable default of 0. This should only happen when you are upgrading your installation
2020-06-22 14:08:43,781 [myid:4] - INFO  [Thread-15:NIOServerCnxnFactory@674] - binding to port localhost/127.0.0.1:11250
2020-06-22 14:08:43,782 [myid:2] - INFO  [WorkerReceiver[myid=2]:FastLeaderElection$Messenger$WorkerReceiver@389] - Notification: my state:LOOKING; n.sid:0, n.state:LOOKING, n.leader:0, n.round:0x1, n.peerEpoch:0x0, n.zxid:0x0, message format version:0x2, n.config version:0x100000000
2020-06-22 14:08:43,782 [myid:1] - INFO  [WorkerReceiver[myid=1]:FastLeaderElection$Messenger$WorkerReceiver@389] - Notification: my state:LOOKING; n.sid:2, n.state:LOOKING, n.leader:2, n.round:0x1, n.peerEpoch:0x0, n.zxid:0x0, message format version:0x2, n.config version:0x200000000
2020-06-22 14:08:43,782 [myid:2] - INFO  [WorkerReceiver[myid=2]:FastLeaderElection$Messenger$WorkerReceiver@389] - Notification: my state:LOOKING; n.sid:1, n.state:LOOKING, n.leader:1, n.round:0x1, n.peerEpoch:0x0, n.zxid:0x0, message format version:0x2, n.config version:0x200000000
2020-06-22 14:08:43,784 [myid:3] - INFO  [Thread-14:QuorumPeer@2503] - Using 20000ms as the quorum cnxn socket timeout
2020-06-22 14:08:43,784 [myid:4] - INFO  [Thread-15:FileTxnSnapLog@124] - zookeeper.snapshot.trust.empty : false
2020-06-22 14:08:43,784 [myid:3] - INFO  [Thread-14:QuorumCnxManager$Listener@923] - Election port bind maximum retries is 3
2020-06-22 14:08:43,786 [myid:4] - INFO  [Thread-15:QuorumPeer@1680] - Local sessions disabled
2020-06-22 14:08:43,786 [myid:4] - INFO  [Thread-15:QuorumPeer@1691] - Local session upgrading disabled
2020-06-22 14:08:43,786 [myid:2] - INFO  [WorkerReceiver[myid=2]:FastLeaderElection$Messenger$WorkerReceiver@389] - Notification: my state:LOOKING; n.sid:1, n.state:LOOKING, n.leader:2, n.round:0x1, n.peerEpoch:0x0, n.zxid:0x0, message format version:0x2, n.config version:0x200000000
2020-06-22 14:08:43,786 [myid:1] - INFO  [WorkerReceiver[myid=1]:FastLeaderElection$Messenger$WorkerReceiver@389] - Notification: my state:LOOKING; n.sid:1, n.state:LOOKING, n.leader:2, n.round:0x1, n.peerEpoch:0x0, n.zxid:0x0, message format version:0x2, n.config version:0x200000000
2020-06-22 14:08:43,786 [myid:4] - INFO  [Thread-15:QuorumPeer@1658] - tickTime set to 4000
2020-06-22 14:08:43,787 [myid:4] - INFO  [Thread-15:QuorumPeer@1702] - minSessionTimeout set to 8000
2020-06-22 14:08:43,787 [myid:0] - INFO  [WorkerReceiver[myid=0]:FastLeaderElection$Messenger$WorkerReceiver@315] - restarting leader election
2020-06-22 14:08:43,787 [myid:4] - INFO  [Thread-15:QuorumPeer@1713] - maxSessionTimeout set to 80000
2020-06-22 14:08:43,787 [myid:4] - INFO  [Thread-15:QuorumPeer@1738] - initLimit set to 10
2020-06-22 14:08:43,787 [myid:4] - INFO  [Thread-15:QuorumPeer@1920] - syncLimit set to 5
2020-06-22 14:08:43,787 [myid:3] - WARN  [QuorumPeer[myid=3](plain=127.0.0.1:11247)(secure=disabled):MBeanRegistry@110] - Failed to register MBean ReplicatedServer_id3
2020-06-22 14:08:43,788 [myid:3] - WARN  [QuorumPeer[myid=3](plain=127.0.0.1:11247)(secure=disabled):QuorumPeer@1360] - Failed to register with JMX
javax.management.InstanceAlreadyExistsException: org.apache.ZooKeeperService:name0=ReplicatedServer_id3
	at com.sun.jmx.mbeanserver.Repository.addMBean(Repository.java:437)
	at com.sun.jmx.interceptor.DefaultMBeanServerInterceptor.registerWithRepository(DefaultMBeanServerInterceptor.java:1898)
	at com.sun.jmx.interceptor.DefaultMBeanServerInterceptor.registerDynamicMBean(DefaultMBeanServerInterceptor.java:966)
	at com.sun.jmx.interceptor.DefaultMBeanServerInterceptor.registerObject(DefaultMBeanServerInterceptor.java:900)
	at com.sun.jmx.interceptor.DefaultMBeanServerInterceptor.registerMBean(DefaultMBeanServerInterceptor.java:324)
	at com.sun.jmx.mbeanserver.JmxMBeanServer.registerMBean(JmxMBeanServer.java:522)
	at org.apache.zookeeper.jmx.MBeanRegistry.register(MBeanRegistry.java:106)
	at org.apache.zookeeper.server.quorum.QuorumPeer.run(QuorumPeer.java:1338)
2020-06-22 14:08:43,788 [myid:3] - INFO  [QuorumPeer[myid=3](plain=127.0.0.1:11247)(secure=disabled):QuorumPeer@1371] - LOOKING
2020-06-22 14:08:43,788 [myid:3] - INFO  [ListenerHandler-localhost/127.0.0.1:11249:QuorumCnxManager$Listener$ListenerHandler@1065] - 3 is accepting connections now, my election bind port: localhost/127.0.0.1:11249
2020-06-22 14:08:43,788 [myid:4] - INFO  [Thread-15:QuorumPeer@1935] - connectToLearnerMasterLimit set to 5
2020-06-22 14:08:43,788 [myid:3] - INFO  [QuorumPeer[myid=3](plain=127.0.0.1:11247)(secure=disabled):FastLeaderElection@944] - New election. My id = 3, proposed zxid=0x0
2020-06-22 14:08:43,787 [myid:0] - INFO  [QuorumPeerListener:QuorumCnxManager$Listener@979] - Leaving listener
2020-06-22 14:08:43,788 [myid:4] - INFO  [Thread-15:WatchManagerFactory@42] - Using org.apache.zookeeper.server.watch.WatchManager as watch manager
2020-06-22 14:08:43,789 [myid:1] - WARN  [RecvWorker:0:QuorumCnxManager$RecvWorker@1395] - Connection broken for id 0, my id = 1
java.io.EOFException
	at java.io.DataInputStream.readInt(DataInputStream.java:392)
	at org.apache.zookeeper.server.quorum.QuorumCnxManager$RecvWorker.run(QuorumCnxManager.java:1383)
2020-06-22 14:08:43,790 [myid:0] - WARN  [RecvWorker:2:QuorumCnxManager$RecvWorker@1395] - Connection broken for id 2, my id = 0
java.net.SocketException: Socket closed
	at java.net.SocketInputStream.socketRead0(Native Method)
	at java.net.SocketInputStream.socketRead(SocketInputStream.java:116)
	at java.net.SocketInputStream.read(SocketInputStream.java:171)
	at java.net.SocketInputStream.read(SocketInputStream.java:141)
	at java.io.BufferedInputStream.fill(BufferedInputStream.java:246)
	at java.io.BufferedInputStream.read(BufferedInputStream.java:265)
	at java.io.DataInputStream.readInt(DataInputStream.java:387)
	at org.apache.zookeeper.server.quorum.QuorumCnxManager$RecvWorker.run(QuorumCnxManager.java:1383)
2020-06-22 14:08:43,790 [myid:0] - WARN  [RecvWorker:2:QuorumCnxManager$RecvWorker@1401] - Interrupting SendWorker thread from RecvWorker. sid: 2. myId: 0
2020-06-22 14:08:43,791 [myid:4] - INFO  [Thread-15:WatchManagerFactory@42] - Using org.apache.zookeeper.server.watch.WatchManager as watch manager
2020-06-22 14:08:43,791 [myid:4] - INFO  [Thread-15:ZKDatabase@132] - zookeeper.snapshotSizeFactor = 0.33
2020-06-22 14:08:43,791 [myid:4] - INFO  [Thread-15:ZKDatabase@152] - zookeeper.commitLogCount=500
2020-06-22 14:08:43,791 [myid:4] - INFO  [Thread-15:QuorumPeer@2001] - Using insecure (non-TLS) quorum communication
2020-06-22 14:08:43,792 [myid:4] - INFO  [Thread-15:QuorumPeer@2007] - Port unification disabled
2020-06-22 14:08:43,792 [myid:4] - INFO  [Thread-15:QuorumPeer@174] - multiAddress.enabled set to false
2020-06-22 14:08:43,792 [myid:4] - INFO  [Thread-15:QuorumPeer@199] - multiAddress.reachabilityCheckEnabled set to true
2020-06-22 14:08:43,792 [myid:4] - INFO  [Thread-15:QuorumPeer@186] - multiAddress.reachabilityCheckTimeoutMs set to 1000
2020-06-22 14:08:43,792 [myid:4] - INFO  [Thread-15:QuorumPeer@2461] - QuorumPeer communication is not secured! (SASL auth disabled)
2020-06-22 14:08:43,792 [myid:4] - INFO  [Thread-15:QuorumPeer@2486] - quorum.cnxn.threads.size set to 20
2020-06-22 14:08:43,790 [myid:0] - WARN  [SendWorker:2:QuorumCnxManager$SendWorker@1281] - Interrupted while waiting for message on queue
java.lang.InterruptedException
	at java.util.concurrent.locks.AbstractQueuedSynchronizer$ConditionObject.reportInterruptAfterWait(AbstractQueuedSynchronizer.java:2014)
	at java.util.concurrent.locks.AbstractQueuedSynchronizer$ConditionObject.awaitNanos(AbstractQueuedSynchronizer.java:2088)
	at org.apache.zookeeper.util.CircularBlockingQueue.poll(CircularBlockingQueue.java:105)
	at org.apache.zookeeper.server.quorum.QuorumCnxManager.pollSendQueue(QuorumCnxManager.java:1446)
	at org.apache.zookeeper.server.quorum.QuorumCnxManager.access$900(QuorumCnxManager.java:98)
	at org.apache.zookeeper.server.quorum.QuorumCnxManager$SendWorker.run(QuorumCnxManager.java:1270)
2020-06-22 14:08:43,792 [myid:0] - WARN  [SendWorker:2:QuorumCnxManager$SendWorker@1293] - Send worker leaving thread id 2 my id = 0
2020-06-22 14:08:43,790 [myid:0] - INFO  [WorkerReceiver[myid=0]:FastLeaderElection$Messenger$WorkerReceiver@471] - WorkerReceiver is down
2020-06-22 14:08:43,790 [myid:2] - WARN  [RecvWorker:0:QuorumCnxManager$RecvWorker@1395] - Connection broken for id 0, my id = 2
java.io.EOFException
	at java.io.DataInputStream.readInt(DataInputStream.java:392)
	at org.apache.zookeeper.server.quorum.QuorumCnxManager$RecvWorker.run(QuorumCnxManager.java:1383)
2020-06-22 14:08:43,789 [myid:0] - WARN  [RecvWorker:1:QuorumCnxManager$RecvWorker@1395] - Connection broken for id 1, my id = 0
java.net.SocketException: Socket closed
	at java.net.SocketInputStream.socketRead0(Native Method)
	at java.net.SocketInputStream.socketRead(SocketInputStream.java:116)
	at java.net.SocketInputStream.read(SocketInputStream.java:171)
	at java.net.SocketInputStream.read(SocketInputStream.java:141)
	at java.io.BufferedInputStream.fill(BufferedInputStream.java:246)
	at java.io.BufferedInputStream.read(BufferedInputStream.java:265)
	at java.io.DataInputStream.readInt(DataInputStream.java:387)
	at org.apache.zookeeper.server.quorum.QuorumCnxManager$RecvWorker.run(QuorumCnxManager.java:1383)
2020-06-22 14:08:43,793 [myid:0] - WARN  [RecvWorker:1:QuorumCnxManager$RecvWorker@1401] - Interrupting SendWorker thread from RecvWorker. sid: 1. myId: 0
2020-06-22 14:08:43,789 [myid:0] - WARN  [SendWorker:1:QuorumCnxManager$SendWorker@1281] - Interrupted while waiting for message on queue
java.lang.InterruptedException
	at java.util.concurrent.locks.AbstractQueuedSynchronizer$ConditionObject.reportInterruptAfterWait(AbstractQueuedSynchronizer.java:2014)
	at java.util.concurrent.locks.AbstractQueuedSynchronizer$ConditionObject.awaitNanos(AbstractQueuedSynchronizer.java:2088)
	at org.apache.zookeeper.util.CircularBlockingQueue.poll(CircularBlockingQueue.java:105)
	at org.apache.zookeeper.server.quorum.QuorumCnxManager.pollSendQueue(QuorumCnxManager.java:1446)
	at org.apache.zookeeper.server.quorum.QuorumCnxManager.access$900(QuorumCnxManager.java:98)
	at org.apache.zookeeper.server.quorum.QuorumCnxManager$SendWorker.run(QuorumCnxManager.java:1270)
2020-06-22 14:08:43,793 [myid:2] - INFO  [ListenerHandler-localhost/127.0.0.1:11246:QuorumCnxManager$Listener$ListenerHandler@1070] - Received connection request from /127.0.0.1:60858
2020-06-22 14:08:43,793 [myid:1] - INFO  [ListenerHandler-localhost/127.0.0.1:11243:QuorumCnxManager$Listener$ListenerHandler@1070] - Received connection request from /127.0.0.1:60855
2020-06-22 14:08:43,793 [myid:4] - INFO  [Thread-15:FileTxnSnapLog@251] - Initialize file found, an empty database will not block voting participation
2020-06-22 14:08:43,793 [myid:3] - INFO  [WorkerReceiver[myid=3]:FastLeaderElection$Messenger$WorkerReceiver@389] - Notification: my state:LOOKING; n.sid:4, n.state:LOOKING, n.leader:4, n.round:0x2, n.peerEpoch:0x1, n.zxid:0x100000019, message format version:0x2, n.config version:0x10000000d
2020-06-22 14:08:43,793 [myid:2] - WARN  [RecvWorker:0:QuorumCnxManager$RecvWorker@1401] - Interrupting SendWorker thread from RecvWorker. sid: 0. myId: 2
2020-06-22 14:08:43,792 [myid:3] - INFO  [QuorumPeer[myid=3](plain=127.0.0.1:11231)(secure=disabled):FastLeaderElection@979] - Notification time out: 3200
2020-06-22 14:08:43,797 [myid:4] - INFO  [Thread-15:FileTxnSnapLog@470] - Snapshotting: 0x0 to D:\desktop\git_repo\zookeeper-read\zookeeper-server\target\surefire\test2480055914949451420.junit.dir\data\version-2\snapshot.0
2020-06-22 14:08:43,797 [myid:1] - INFO  [WorkerReceiver[myid=1]:FastLeaderElection$Messenger$WorkerReceiver@389] - Notification: my state:LOOKING; n.sid:3, n.state:LOOKING, n.leader:3, n.round:0x1, n.peerEpoch:0x0, n.zxid:0x0, message format version:0x2, n.config version:0x200000000
2020-06-22 14:08:43,797 [myid:2] - INFO  [WorkerReceiver[myid=2]:FastLeaderElection$Messenger$WorkerReceiver@389] - Notification: my state:LOOKING; n.sid:3, n.state:LOOKING, n.leader:3, n.round:0x1, n.peerEpoch:0x0, n.zxid:0x0, message format version:0x2, n.config version:0x200000000
2020-06-22 14:08:43,792 [myid:4] - INFO  [WorkerReceiver[myid=4]:FastLeaderElection$Messenger$WorkerReceiver@389] - Notification: my state:LOOKING; n.sid:4, n.state:LOOKING, n.leader:4, n.round:0x2, n.peerEpoch:0x1, n.zxid:0x100000019, message format version:0x2, n.config version:0x10000000d
2020-06-22 14:08:43,797 [myid:4] - INFO  [WorkerReceiver[myid=4]:FastLeaderElection$Messenger$WorkerReceiver@389] - Notification: my state:LOOKING; n.sid:3, n.state:LOOKING, n.leader:4, n.round:0x2, n.peerEpoch:0x1, n.zxid:0x100000019, message format version:0x2, n.config version:0x10000000d
2020-06-22 14:08:43,791 [myid:4] - INFO  [QuorumPeer[myid=4](plain=127.0.0.1:11234)(secure=disabled):FastLeaderElection@979] - Notification time out: 3200
2020-06-22 14:08:43,790 [myid:1] - WARN  [RecvWorker:0:QuorumCnxManager$RecvWorker@1401] - Interrupting SendWorker thread from RecvWorker. sid: 0. myId: 1
2020-06-22 14:08:43,797 [myid:3] - INFO  [WorkerReceiver[myid=3]:FastLeaderElection$Messenger$WorkerReceiver@389] - Notification: my state:LOOKING; n.sid:3, n.state:LOOKING, n.leader:4, n.round:0x2, n.peerEpoch:0x1, n.zxid:0x100000019, message format version:0x2, n.config version:0x10000000d
2020-06-22 14:08:43,797 [myid:2] - WARN  [SendWorker:0:QuorumCnxManager$SendWorker@1281] - Interrupted while waiting for message on queue
java.lang.InterruptedException
	at java.util.concurrent.locks.AbstractQueuedSynchronizer$ConditionObject.reportInterruptAfterWait(AbstractQueuedSynchronizer.java:2014)
	at java.util.concurrent.locks.AbstractQueuedSynchronizer$ConditionObject.awaitNanos(AbstractQueuedSynchronizer.java:2088)
	at org.apache.zookeeper.util.CircularBlockingQueue.poll(CircularBlockingQueue.java:105)
	at org.apache.zookeeper.server.quorum.QuorumCnxManager.pollSendQueue(QuorumCnxManager.java:1446)
	at org.apache.zookeeper.server.quorum.QuorumCnxManager.access$900(QuorumCnxManager.java:98)
	at org.apache.zookeeper.server.quorum.QuorumCnxManager$SendWorker.run(QuorumCnxManager.java:1270)
2020-06-22 14:08:43,794 [myid:3] - INFO  [WorkerReceiver[myid=3]:FastLeaderElection$Messenger$WorkerReceiver@389] - Notification: my state:LOOKING; n.sid:3, n.state:LOOKING, n.leader:3, n.round:0x1, n.peerEpoch:0x0, n.zxid:0x0, message format version:0x2, n.config version:0x200000000
2020-06-22 14:08:43,800 [myid:1] - WARN  [SendWorker:0:QuorumCnxManager$SendWorker@1285] - Exception when using channel: for id 0 my id = 1
java.net.SocketException: Socket closed
	at java.net.SocketOutputStream.socketWrite(SocketOutputStream.java:118)
	at java.net.SocketOutputStream.write(SocketOutputStream.java:134)
	at java.io.DataOutputStream.writeInt(DataOutputStream.java:197)
	at org.apache.zookeeper.server.quorum.QuorumCnxManager$SendWorker.send(QuorumCnxManager.java:1227)
	at org.apache.zookeeper.server.quorum.QuorumCnxManager$SendWorker.run(QuorumCnxManager.java:1278)
2020-06-22 14:08:43,800 [myid:2] - INFO  [WorkerReceiver[myid=2]:FastLeaderElection$Messenger$WorkerReceiver@389] - Notification: my state:LOOKING; n.sid:2, n.state:LOOKING, n.leader:3, n.round:0x1, n.peerEpoch:0x0, n.zxid:0x0, message format version:0x2, n.config version:0x200000000
2020-06-22 14:08:43,794 [myid:0] - WARN  [SendWorker:1:QuorumCnxManager$SendWorker@1293] - Send worker leaving thread id 1 my id = 0
2020-06-22 14:08:43,800 [myid:2] - INFO  [WorkerReceiver[myid=2]:FastLeaderElection$Messenger$WorkerReceiver@389] - Notification: my state:LOOKING; n.sid:1, n.state:LOOKING, n.leader:3, n.round:0x1, n.peerEpoch:0x0, n.zxid:0x0, message format version:0x2, n.config version:0x200000000
2020-06-22 14:08:43,800 [myid:1] - WARN  [SendWorker:0:QuorumCnxManager$SendWorker@1293] - Send worker leaving thread id 0 my id = 1
2020-06-22 14:08:43,800 [myid:3] - INFO  [WorkerReceiver[myid=3]:FastLeaderElection$Messenger$WorkerReceiver@389] - Notification: my state:LOOKING; n.sid:1, n.state:LOOKING, n.leader:2, n.round:0x1, n.peerEpoch:0x0, n.zxid:0x0, message format version:0x2, n.config version:0x200000000
2020-06-22 14:08:43,800 [myid:1] - INFO  [WorkerReceiver[myid=1]:FastLeaderElection$Messenger$WorkerReceiver@389] - Notification: my state:LOOKING; n.sid:1, n.state:LOOKING, n.leader:3, n.round:0x1, n.peerEpoch:0x0, n.zxid:0x0, message format version:0x2, n.config version:0x200000000
2020-06-22 14:08:43,799 [myid:2] - WARN  [SendWorker:0:QuorumCnxManager$SendWorker@1293] - Send worker leaving thread id 0 my id = 2
2020-06-22 14:08:43,799 [myid:4] - INFO  [Thread-15:ZKDatabase@289] - Snapshot loaded in 7 ms, highest zxid is 0x0, digest is 1371985504
2020-06-22 14:08:43,801 [myid:1] - INFO  [WorkerReceiver[myid=1]:FastLeaderElection$Messenger$WorkerReceiver@389] - Notification: my state:LOOKING; n.sid:2, n.state:LOOKING, n.leader:3, n.round:0x1, n.peerEpoch:0x0, n.zxid:0x0, message format version:0x2, n.config version:0x200000000
2020-06-22 14:08:43,801 [myid:3] - INFO  [WorkerReceiver[myid=3]:FastLeaderElection$Messenger$WorkerReceiver@389] - Notification: my state:LOOKING; n.sid:2, n.state:LOOKING, n.leader:2, n.round:0x1, n.peerEpoch:0x0, n.zxid:0x0, message format version:0x2, n.config version:0x200000000
2020-06-22 14:08:43,801 [myid:4] - INFO  [Thread-15:QuorumPeer@1102] - currentEpoch not found! Creating with a reasonable default of 0. This should only happen when you are upgrading your installation
2020-06-22 14:08:43,801 [myid:3] - INFO  [WorkerReceiver[myid=3]:FastLeaderElection$Messenger$WorkerReceiver@389] - Notification: my state:LOOKING; n.sid:1, n.state:LOOKING, n.leader:3, n.round:0x1, n.peerEpoch:0x0, n.zxid:0x0, message format version:0x2, n.config version:0x200000000
2020-06-22 14:08:43,801 [myid:3] - INFO  [WorkerReceiver[myid=3]:FastLeaderElection$Messenger$WorkerReceiver@389] - Notification: my state:LOOKING; n.sid:2, n.state:LOOKING, n.leader:3, n.round:0x1, n.peerEpoch:0x0, n.zxid:0x0, message format version:0x2, n.config version:0x200000000
2020-06-22 14:08:43,803 [myid:4] - INFO  [Thread-15:QuorumPeer@1122] - acceptedEpoch not found! Creating with a reasonable default of 0. This should only happen when you are upgrading your installation
2020-06-22 14:08:43,805 [myid:4] - INFO  [Thread-15:QuorumPeer@2503] - Using 20000ms as the quorum cnxn socket timeout
2020-06-22 14:08:43,806 [myid:4] - INFO  [Thread-15:QuorumCnxManager$Listener@923] - Election port bind maximum retries is 3
2020-06-22 14:08:43,806 [myid:4] - WARN  [QuorumPeer[myid=4](plain=127.0.0.1:11250)(secure=disabled):MBeanRegistry@110] - Failed to register MBean ReplicatedServer_id4
2020-06-22 14:08:43,807 [myid:4] - WARN  [QuorumPeer[myid=4](plain=127.0.0.1:11250)(secure=disabled):QuorumPeer@1360] - Failed to register with JMX
javax.management.InstanceAlreadyExistsException: org.apache.ZooKeeperService:name0=ReplicatedServer_id4
	at com.sun.jmx.mbeanserver.Repository.addMBean(Repository.java:437)
	at com.sun.jmx.interceptor.DefaultMBeanServerInterceptor.registerWithRepository(DefaultMBeanServerInterceptor.java:1898)
	at com.sun.jmx.interceptor.DefaultMBeanServerInterceptor.registerDynamicMBean(DefaultMBeanServerInterceptor.java:966)
	at com.sun.jmx.interceptor.DefaultMBeanServerInterceptor.registerObject(DefaultMBeanServerInterceptor.java:900)
	at com.sun.jmx.interceptor.DefaultMBeanServerInterceptor.registerMBean(DefaultMBeanServerInterceptor.java:324)
	at com.sun.jmx.mbeanserver.JmxMBeanServer.registerMBean(JmxMBeanServer.java:522)
	at org.apache.zookeeper.jmx.MBeanRegistry.register(MBeanRegistry.java:106)
	at org.apache.zookeeper.server.quorum.QuorumPeer.run(QuorumPeer.java:1338)
2020-06-22 14:08:43,807 [myid:4] - INFO  [ListenerHandler-localhost/127.0.0.1:11252:QuorumCnxManager$Listener$ListenerHandler@1065] - 4 is accepting connections now, my election bind port: localhost/127.0.0.1:11252
2020-06-22 14:08:43,807 [myid:4] - INFO  [QuorumPeer[myid=4](plain=127.0.0.1:11250)(secure=disabled):QuorumPeer@1371] - LOOKING
2020-06-22 14:08:43,807 [myid:4] - WARN  [QuorumPeer[myid=4](plain=127.0.0.1:11250)(secure=disabled):MBeanRegistry@110] - Failed to register MBean LeaderElection
2020-06-22 14:08:43,807 [myid:4] - WARN  [QuorumPeer[myid=4](plain=127.0.0.1:11250)(secure=disabled):FastLeaderElection@915] - Failed to register with JMX
javax.management.InstanceAlreadyExistsException: org.apache.ZooKeeperService:name0=LeaderElection
	at com.sun.jmx.mbeanserver.Repository.addMBean(Repository.java:437)
	at com.sun.jmx.interceptor.DefaultMBeanServerInterceptor.registerWithRepository(DefaultMBeanServerInterceptor.java:1898)
	at com.sun.jmx.interceptor.DefaultMBeanServerInterceptor.registerDynamicMBean(DefaultMBeanServerInterceptor.java:966)
	at com.sun.jmx.interceptor.DefaultMBeanServerInterceptor.registerObject(DefaultMBeanServerInterceptor.java:900)
	at com.sun.jmx.interceptor.DefaultMBeanServerInterceptor.registerMBean(DefaultMBeanServerInterceptor.java:324)
	at com.sun.jmx.mbeanserver.JmxMBeanServer.registerMBean(JmxMBeanServer.java:522)
	at org.apache.zookeeper.jmx.MBeanRegistry.register(MBeanRegistry.java:106)
	at org.apache.zookeeper.server.quorum.FastLeaderElection.lookForLeader(FastLeaderElection.java:913)
	at org.apache.zookeeper.server.quorum.QuorumPeer.run(QuorumPeer.java:1425)
2020-06-22 14:08:43,807 [myid:4] - INFO  [QuorumPeer[myid=4](plain=127.0.0.1:11250)(secure=disabled):FastLeaderElection@944] - New election. My id = 4, proposed zxid=0x0
2020-06-22 14:08:43,808 [myid:1] - INFO  [ListenerHandler-localhost/127.0.0.1:11243:QuorumCnxManager$Listener$ListenerHandler@1070] - Received connection request from /127.0.0.1:60861
2020-06-22 14:08:43,808 [myid:4] - INFO  [WorkerReceiver[myid=4]:FastLeaderElection$Messenger$WorkerReceiver@389] - Notification: my state:LOOKING; n.sid:4, n.state:LOOKING, n.leader:4, n.round:0x1, n.peerEpoch:0x0, n.zxid:0x0, message format version:0x2, n.config version:0x200000000
2020-06-22 14:08:43,809 [myid:2] - INFO  [ListenerHandler-localhost/127.0.0.1:11246:QuorumCnxManager$Listener$ListenerHandler@1070] - Received connection request from /127.0.0.1:60863
2020-06-22 14:08:43,809 [myid:3] - INFO  [ListenerHandler-localhost/127.0.0.1:11249:QuorumCnxManager$Listener$ListenerHandler@1070] - Received connection request from /127.0.0.1:60864
2020-06-22 14:08:43,810 [myid:4] - INFO  [WorkerReceiver[myid=4]:FastLeaderElection$Messenger$WorkerReceiver@389] - Notification: my state:LOOKING; n.sid:1, n.state:LOOKING, n.leader:3, n.round:0x1, n.peerEpoch:0x0, n.zxid:0x0, message format version:0x2, n.config version:0x200000000
2020-06-22 14:08:43,810 [myid:1] - INFO  [WorkerReceiver[myid=1]:FastLeaderElection$Messenger$WorkerReceiver@389] - Notification: my state:LOOKING; n.sid:4, n.state:LOOKING, n.leader:4, n.round:0x1, n.peerEpoch:0x0, n.zxid:0x0, message format version:0x2, n.config version:0x200000000
2020-06-22 14:08:43,812 [myid:2] - INFO  [WorkerReceiver[myid=2]:FastLeaderElection$Messenger$WorkerReceiver@389] - Notification: my state:LOOKING; n.sid:4, n.state:LOOKING, n.leader:4, n.round:0x1, n.peerEpoch:0x0, n.zxid:0x0, message format version:0x2, n.config version:0x200000000
2020-06-22 14:08:43,812 [myid:4] - INFO  [WorkerReceiver[myid=4]:FastLeaderElection$Messenger$WorkerReceiver@389] - Notification: my state:LOOKING; n.sid:2, n.state:LOOKING, n.leader:3, n.round:0x1, n.peerEpoch:0x0, n.zxid:0x0, message format version:0x2, n.config version:0x200000000
2020-06-22 14:08:43,813 [myid:4] - INFO  [WorkerReceiver[myid=4]:FastLeaderElection$Messenger$WorkerReceiver@389] - Notification: my state:LOOKING; n.sid:3, n.state:LOOKING, n.leader:3, n.round:0x1, n.peerEpoch:0x0, n.zxid:0x0, message format version:0x2, n.config version:0x200000000
2020-06-22 14:08:43,813 [myid:3] - INFO  [WorkerReceiver[myid=3]:FastLeaderElection$Messenger$WorkerReceiver@389] - Notification: my state:LOOKING; n.sid:4, n.state:LOOKING, n.leader:4, n.round:0x1, n.peerEpoch:0x0, n.zxid:0x0, message format version:0x2, n.config version:0x200000000
2020-06-22 14:08:43,813 [myid:1] - INFO  [WorkerReceiver[myid=1]:FastLeaderElection$Messenger$WorkerReceiver@389] - Notification: my state:LOOKING; n.sid:1, n.state:LOOKING, n.leader:4, n.round:0x1, n.peerEpoch:0x0, n.zxid:0x0, message format version:0x2, n.config version:0x200000000
2020-06-22 14:08:43,814 [myid:2] - INFO  [WorkerReceiver[myid=2]:FastLeaderElection$Messenger$WorkerReceiver@389] - Notification: my state:LOOKING; n.sid:2, n.state:LOOKING, n.leader:4, n.round:0x1, n.peerEpoch:0x0, n.zxid:0x0, message format version:0x2, n.config version:0x200000000
2020-06-22 14:08:43,814 [myid:2] - INFO  [WorkerReceiver[myid=2]:FastLeaderElection$Messenger$WorkerReceiver@389] - Notification: my state:LOOKING; n.sid:1, n.state:LOOKING, n.leader:4, n.round:0x1, n.peerEpoch:0x0, n.zxid:0x0, message format version:0x2, n.config version:0x200000000
2020-06-22 14:08:43,814 [myid:4] - INFO  [WorkerReceiver[myid=4]:FastLeaderElection$Messenger$WorkerReceiver@389] - Notification: my state:LOOKING; n.sid:1, n.state:LOOKING, n.leader:4, n.round:0x1, n.peerEpoch:0x0, n.zxid:0x0, message format version:0x2, n.config version:0x200000000
2020-06-22 14:08:43,815 [myid:3] - INFO  [WorkerReceiver[myid=3]:FastLeaderElection$Messenger$WorkerReceiver@389] - Notification: my state:LOOKING; n.sid:1, n.state:LOOKING, n.leader:4, n.round:0x1, n.peerEpoch:0x0, n.zxid:0x0, message format version:0x2, n.config version:0x200000000
2020-06-22 14:08:43,815 [myid:3] - INFO  [WorkerReceiver[myid=3]:FastLeaderElection$Messenger$WorkerReceiver@389] - Notification: my state:LOOKING; n.sid:2, n.state:LOOKING, n.leader:4, n.round:0x1, n.peerEpoch:0x0, n.zxid:0x0, message format version:0x2, n.config version:0x200000000
2020-06-22 14:08:43,815 [myid:1] - INFO  [WorkerReceiver[myid=1]:FastLeaderElection$Messenger$WorkerReceiver@389] - Notification: my state:LOOKING; n.sid:2, n.state:LOOKING, n.leader:4, n.round:0x1, n.peerEpoch:0x0, n.zxid:0x0, message format version:0x2, n.config version:0x200000000
2020-06-22 14:08:43,816 [myid:3] - INFO  [WorkerReceiver[myid=3]:FastLeaderElection$Messenger$WorkerReceiver@389] - Notification: my state:LOOKING; n.sid:3, n.state:LOOKING, n.leader:4, n.round:0x1, n.peerEpoch:0x0, n.zxid:0x0, message format version:0x2, n.config version:0x200000000
2020-06-22 14:08:43,816 [myid:1] - INFO  [WorkerReceiver[myid=1]:FastLeaderElection$Messenger$WorkerReceiver@389] - Notification: my state:LOOKING; n.sid:3, n.state:LOOKING, n.leader:4, n.round:0x1, n.peerEpoch:0x0, n.zxid:0x0, message format version:0x2, n.config version:0x200000000
2020-06-22 14:08:43,816 [myid:4] - INFO  [WorkerReceiver[myid=4]:FastLeaderElection$Messenger$WorkerReceiver@389] - Notification: my state:LOOKING; n.sid:2, n.state:LOOKING, n.leader:4, n.round:0x1, n.peerEpoch:0x0, n.zxid:0x0, message format version:0x2, n.config version:0x200000000
2020-06-22 14:08:43,816 [myid:2] - INFO  [WorkerReceiver[myid=2]:FastLeaderElection$Messenger$WorkerReceiver@389] - Notification: my state:LOOKING; n.sid:3, n.state:LOOKING, n.leader:4, n.round:0x1, n.peerEpoch:0x0, n.zxid:0x0, message format version:0x2, n.config version:0x200000000
2020-06-22 14:08:43,816 [myid:4] - INFO  [WorkerReceiver[myid=4]:FastLeaderElection$Messenger$WorkerReceiver@389] - Notification: my state:LOOKING; n.sid:3, n.state:LOOKING, n.leader:4, n.round:0x1, n.peerEpoch:0x0, n.zxid:0x0, message format version:0x2, n.config version:0x200000000
2020-06-22 14:08:43,950 [myid:127.0.0.1:11234] - INFO  [main-SendThread(127.0.0.1:11234):ClientCnxn$SendThread@1154] - Opening socket connection to server activate.navicat.com/127.0.0.1:11234.
2020-06-22 14:08:43,950 [myid:127.0.0.1:11234] - INFO  [main-SendThread(127.0.0.1:11234):ClientCnxn$SendThread@1156] - SASL config status: Will not attempt to authenticate using SASL (unknown error)
2020-06-22 14:08:43,951 [myid:127.0.0.1:11234] - INFO  [main-SendThread(127.0.0.1:11234):ClientCnxn$SendThread@986] - Socket connection established, initiating session, client: /127.0.0.1:60867, server: activate.navicat.com/127.0.0.1:11234
2020-06-22 14:08:43,951 [myid:4] - WARN  [NIOWorkerThread-11:NIOServerCnxn@373] - Close of session 0x0
java.io.IOException: ZooKeeperServer not running
	at org.apache.zookeeper.server.NIOServerCnxn.readLength(NIOServerCnxn.java:544)
	at org.apache.zookeeper.server.NIOServerCnxn.doIO(NIOServerCnxn.java:332)
	at org.apache.zookeeper.server.NIOServerCnxnFactory$IOWorkRequest.doWork(NIOServerCnxnFactory.java:522)
	at org.apache.zookeeper.server.WorkerService$ScheduledWorkRequest.run(WorkerService.java:154)
	at java.util.concurrent.ThreadPoolExecutor.runWorker(ThreadPoolExecutor.java:1149)
	at java.util.concurrent.ThreadPoolExecutor$Worker.run(ThreadPoolExecutor.java:624)
	at java.lang.Thread.run(Thread.java:748)
2020-06-22 14:08:43,951 [myid:127.0.0.1:11234] - WARN  [main-SendThread(127.0.0.1:11234):ClientCnxn$SendThread@1272] - Session 0x40015eb2eb10000 for sever activate.navicat.com/127.0.0.1:11234, Closing socket connection. Attempting reconnect except it is a SessionExpiredException.
EndOfStreamException: Unable to read additional data from server sessionid 0x40015eb2eb10000, likely server has closed socket
	at org.apache.zookeeper.ClientCnxnSocketNIO.doIO(ClientCnxnSocketNIO.java:75)
	at org.apache.zookeeper.ClientCnxnSocketNIO.doTransport(ClientCnxnSocketNIO.java:348)
	at org.apache.zookeeper.ClientCnxn$SendThread.run(ClientCnxn.java:1262)
2020-06-22 14:08:43,966 [myid:0] - INFO  [WorkerSender[myid=0]:FastLeaderElection$Messenger$WorkerSender@505] - WorkerSender is down
2020-06-22 14:08:43,966 [myid:0] - INFO  [QuorumPeer[myid=0](plain=127.0.0.1:11238)(secure=disabled):FastLeaderElection@979] - Notification time out: 400
2020-06-22 14:08:43,966 [myid:0] - INFO  [QuorumPeer[myid=0](plain=127.0.0.1:11238)(secure=disabled):QuorumPeer@1371] - LOOKING
2020-06-22 14:08:43,966 [myid:0] - INFO  [QuorumPeer[myid=0](plain=127.0.0.1:11238)(secure=disabled):QuorumPeer@2503] - Using 20000ms as the quorum cnxn socket timeout
2020-06-22 14:08:43,967 [myid:0] - INFO  [QuorumPeer[myid=0](plain=127.0.0.1:11238)(secure=disabled):QuorumCnxManager$Listener@923] - Election port bind maximum retries is 3
2020-06-22 14:08:43,967 [myid:0] - WARN  [QuorumPeer[myid=0](plain=127.0.0.1:11238)(secure=disabled):QuorumPeer@1281] - Clobbering already-set QuorumCnxManager (restarting leader election?)
2020-06-22 14:08:43,967 [myid:0] - INFO  [QuorumPeer[myid=0](plain=127.0.0.1:11238)(secure=disabled):FastLeaderElection@944] - New election. My id = 0, proposed zxid=0x0
2020-06-22 14:08:43,967 [myid:0] - INFO  [ListenerHandler-localhost/127.0.0.1:11240:QuorumCnxManager$Listener$ListenerHandler@1065] - 0 is accepting connections now, my election bind port: localhost/127.0.0.1:11240
2020-06-22 14:08:43,968 [myid:0] - INFO  [WorkerReceiver[myid=0]:FastLeaderElection$Messenger$WorkerReceiver@389] - Notification: my state:LOOKING; n.sid:0, n.state:LOOKING, n.leader:0, n.round:0x1, n.peerEpoch:0x0, n.zxid:0x0, message format version:0x2, n.config version:0x200000000
2020-06-22 14:08:43,968 [myid:1] - INFO  [ListenerHandler-localhost/127.0.0.1:11243:QuorumCnxManager$Listener$ListenerHandler@1070] - Received connection request from /127.0.0.1:60868
2020-06-22 14:08:43,968 [myid:2] - INFO  [ListenerHandler-localhost/127.0.0.1:11246:QuorumCnxManager$Listener$ListenerHandler@1070] - Received connection request from /127.0.0.1:60869
2020-06-22 14:08:43,968 [myid:0] - INFO  [QuorumConnectionThread-[myid=0]-1:QuorumCnxManager@513] - Have smaller server identifier, so dropping the connection: (myId:0 --> sid:1)
2020-06-22 14:08:43,969 [myid:4] - INFO  [ListenerHandler-localhost/127.0.0.1:11252:QuorumCnxManager$Listener$ListenerHandler@1070] - Received connection request from /127.0.0.1:60871
2020-06-22 14:08:43,968 [myid:3] - INFO  [ListenerHandler-localhost/127.0.0.1:11249:QuorumCnxManager$Listener$ListenerHandler@1070] - Received connection request from /127.0.0.1:60870
2020-06-22 14:08:43,969 [myid:0] - INFO  [QuorumConnectionThread-[myid=0]-4:QuorumCnxManager@513] - Have smaller server identifier, so dropping the connection: (myId:0 --> sid:4)
2020-06-22 14:08:43,969 [myid:0] - INFO  [QuorumConnectionThread-[myid=0]-3:QuorumCnxManager@513] - Have smaller server identifier, so dropping the connection: (myId:0 --> sid:3)
2020-06-22 14:08:43,969 [myid:0] - INFO  [QuorumConnectionThread-[myid=0]-2:QuorumCnxManager@513] - Have smaller server identifier, so dropping the connection: (myId:0 --> sid:2)
2020-06-22 14:08:44,018 [myid:1] - INFO  [QuorumPeer[myid=1](plain=127.0.0.1:11241)(secure=disabled):QuorumPeer@857] - Peer state changed: following
2020-06-22 14:08:44,018 [myid:3] - INFO  [QuorumPeer[myid=3](plain=127.0.0.1:11247)(secure=disabled):QuorumPeer@857] - Peer state changed: following
2020-06-22 14:08:44,018 [myid:4] - INFO  [QuorumPeer[myid=4](plain=127.0.0.1:11250)(secure=disabled):QuorumPeer@857] - Peer state changed: leading
2020-06-22 14:08:44,018 [myid:2] - INFO  [QuorumPeer[myid=2](plain=127.0.0.1:11244)(secure=disabled):QuorumPeer@857] - Peer state changed: following
2020-06-22 14:08:44,018 [myid:4] - INFO  [QuorumPeer[myid=4](plain=127.0.0.1:11250)(secure=disabled):QuorumPeer@1465] - LEADING
2020-06-22 14:08:44,018 [myid:3] - INFO  [QuorumPeer[myid=3](plain=127.0.0.1:11247)(secure=disabled):QuorumPeer@1453] - FOLLOWING
2020-06-22 14:08:44,018 [myid:1] - INFO  [QuorumPeer[myid=1](plain=127.0.0.1:11241)(secure=disabled):QuorumPeer@1453] - FOLLOWING
2020-06-22 14:08:44,018 [myid:1] - INFO  [QuorumPeer[myid=1](plain=127.0.0.1:11241)(secure=disabled):ZooKeeperServer@1246] - minSessionTimeout set to 8000
2020-06-22 14:08:44,018 [myid:1] - INFO  [QuorumPeer[myid=1](plain=127.0.0.1:11241)(secure=disabled):ZooKeeperServer@1255] - maxSessionTimeout set to 80000
2020-06-22 14:08:44,018 [myid:3] - INFO  [QuorumPeer[myid=3](plain=127.0.0.1:11247)(secure=disabled):ZooKeeperServer@1246] - minSessionTimeout set to 8000
2020-06-22 14:08:44,018 [myid:3] - INFO  [QuorumPeer[myid=3](plain=127.0.0.1:11247)(secure=disabled):ZooKeeperServer@1255] - maxSessionTimeout set to 80000
2020-06-22 14:08:44,018 [myid:4] - INFO  [QuorumPeer[myid=4](plain=127.0.0.1:11250)(secure=disabled):ZooKeeperServer@1246] - minSessionTimeout set to 8000
2020-06-22 14:08:44,018 [myid:4] - INFO  [QuorumPeer[myid=4](plain=127.0.0.1:11250)(secure=disabled):ZooKeeperServer@1255] - maxSessionTimeout set to 80000
2020-06-22 14:08:44,018 [myid:2] - INFO  [QuorumPeer[myid=2](plain=127.0.0.1:11244)(secure=disabled):QuorumPeer@1453] - FOLLOWING
2020-06-22 14:08:44,018 [myid:4] - INFO  [QuorumPeer[myid=4](plain=127.0.0.1:11250)(secure=disabled):ResponseCache@45] - Response cache size is initialized with value 400.
2020-06-22 14:08:44,018 [myid:3] - INFO  [QuorumPeer[myid=3](plain=127.0.0.1:11247)(secure=disabled):ResponseCache@45] - Response cache size is initialized with value 400.
2020-06-22 14:08:44,018 [myid:1] - INFO  [QuorumPeer[myid=1](plain=127.0.0.1:11241)(secure=disabled):ResponseCache@45] - Response cache size is initialized with value 400.
2020-06-22 14:08:44,018 [myid:3] - INFO  [QuorumPeer[myid=3](plain=127.0.0.1:11247)(secure=disabled):ResponseCache@45] - Response cache size is initialized with value 400.
2020-06-22 14:08:44,018 [myid:4] - INFO  [QuorumPeer[myid=4](plain=127.0.0.1:11250)(secure=disabled):ResponseCache@45] - Response cache size is initialized with value 400.
2020-06-22 14:08:44,018 [myid:2] - INFO  [QuorumPeer[myid=2](plain=127.0.0.1:11244)(secure=disabled):ZooKeeperServer@1246] - minSessionTimeout set to 8000
2020-06-22 14:08:44,019 [myid:2] - INFO  [QuorumPeer[myid=2](plain=127.0.0.1:11244)(secure=disabled):ZooKeeperServer@1255] - maxSessionTimeout set to 80000
2020-06-22 14:08:44,019 [myid:4] - INFO  [QuorumPeer[myid=4](plain=127.0.0.1:11250)(secure=disabled):RequestPathMetricsCollector@111] - zookeeper.pathStats.slotCapacity = 60
2020-06-22 14:08:44,019 [myid:3] - INFO  [QuorumPeer[myid=3](plain=127.0.0.1:11247)(secure=disabled):RequestPathMetricsCollector@111] - zookeeper.pathStats.slotCapacity = 60
2020-06-22 14:08:44,019 [myid:3] - INFO  [QuorumPeer[myid=3](plain=127.0.0.1:11247)(secure=disabled):RequestPathMetricsCollector@112] - zookeeper.pathStats.slotDuration = 15
2020-06-22 14:08:44,019 [myid:3] - INFO  [QuorumPeer[myid=3](plain=127.0.0.1:11247)(secure=disabled):RequestPathMetricsCollector@113] - zookeeper.pathStats.maxDepth = 6
2020-06-22 14:08:44,018 [myid:1] - INFO  [QuorumPeer[myid=1](plain=127.0.0.1:11241)(secure=disabled):ResponseCache@45] - Response cache size is initialized with value 400.
2020-06-22 14:08:44,019 [myid:3] - INFO  [QuorumPeer[myid=3](plain=127.0.0.1:11247)(secure=disabled):RequestPathMetricsCollector@114] - zookeeper.pathStats.initialDelay = 5
2020-06-22 14:08:44,019 [myid:3] - INFO  [QuorumPeer[myid=3](plain=127.0.0.1:11247)(secure=disabled):RequestPathMetricsCollector@115] - zookeeper.pathStats.delay = 5
2020-06-22 14:08:44,019 [myid:3] - INFO  [QuorumPeer[myid=3](plain=127.0.0.1:11247)(secure=disabled):RequestPathMetricsCollector@116] - zookeeper.pathStats.enabled = false
2020-06-22 14:08:44,019 [myid:4] - INFO  [QuorumPeer[myid=4](plain=127.0.0.1:11250)(secure=disabled):RequestPathMetricsCollector@112] - zookeeper.pathStats.slotDuration = 15
2020-06-22 14:08:44,019 [myid:4] - INFO  [QuorumPeer[myid=4](plain=127.0.0.1:11250)(secure=disabled):RequestPathMetricsCollector@113] - zookeeper.pathStats.maxDepth = 6
2020-06-22 14:08:44,019 [myid:2] - INFO  [QuorumPeer[myid=2](plain=127.0.0.1:11244)(secure=disabled):ResponseCache@45] - Response cache size is initialized with value 400.
2020-06-22 14:08:44,019 [myid:4] - INFO  [QuorumPeer[myid=4](plain=127.0.0.1:11250)(secure=disabled):RequestPathMetricsCollector@114] - zookeeper.pathStats.initialDelay = 5
2020-06-22 14:08:44,019 [myid:4] - INFO  [QuorumPeer[myid=4](plain=127.0.0.1:11250)(secure=disabled):RequestPathMetricsCollector@115] - zookeeper.pathStats.delay = 5
2020-06-22 14:08:44,019 [myid:3] - INFO  [QuorumPeer[myid=3](plain=127.0.0.1:11247)(secure=disabled):ZooKeeperServer@1471] - The max bytes for all large requests are set to 104857600
2020-06-22 14:08:44,019 [myid:1] - INFO  [QuorumPeer[myid=1](plain=127.0.0.1:11241)(secure=disabled):RequestPathMetricsCollector@111] - zookeeper.pathStats.slotCapacity = 60
2020-06-22 14:08:44,019 [myid:3] - INFO  [QuorumPeer[myid=3](plain=127.0.0.1:11247)(secure=disabled):ZooKeeperServer@1485] - The large request threshold is set to -1
2020-06-22 14:08:44,019 [myid:4] - INFO  [QuorumPeer[myid=4](plain=127.0.0.1:11250)(secure=disabled):RequestPathMetricsCollector@116] - zookeeper.pathStats.enabled = false
2020-06-22 14:08:44,019 [myid:2] - INFO  [QuorumPeer[myid=2](plain=127.0.0.1:11244)(secure=disabled):ResponseCache@45] - Response cache size is initialized with value 400.
2020-06-22 14:08:44,019 [myid:4] - INFO  [QuorumPeer[myid=4](plain=127.0.0.1:11250)(secure=disabled):ZooKeeperServer@1471] - The max bytes for all large requests are set to 104857600
2020-06-22 14:08:44,019 [myid:3] - INFO  [QuorumPeer[myid=3](plain=127.0.0.1:11247)(secure=disabled):ZooKeeperServer@329] - Created server with tickTime 4000 minSessionTimeout 8000 maxSessionTimeout 80000 clientPortListenBacklog -1 datadir D:\desktop\git_repo\zookeeper-read\zookeeper-server\target\surefire\test7881062726506247616.junit.dir\data\version-2 snapdir D:\desktop\git_repo\zookeeper-read\zookeeper-server\target\surefire\test7881062726506247616.junit.dir\data\version-2
2020-06-22 14:08:44,019 [myid:1] - INFO  [QuorumPeer[myid=1](plain=127.0.0.1:11241)(secure=disabled):RequestPathMetricsCollector@112] - zookeeper.pathStats.slotDuration = 15
2020-06-22 14:08:44,020 [myid:3] - INFO  [QuorumPeer[myid=3](plain=127.0.0.1:11247)(secure=disabled):Follower@75] - FOLLOWING - LEADER ELECTION TOOK - 232 MS
[...]
2020-06-22 14:08:44,328 [myid:0] - INFO  [QuorumPeer[myid=0](plain=127.0.0.1:11238)(secure=disabled):QuorumPeer@868] - Peer state changed: following - synchronization - snap
2020-06-22 14:08:44,328 [myid:0] - INFO  [QuorumPeer[myid=0](plain=127.0.0.1:11238)(secure=disabled):Learner@516] - Getting a snapshot from leader 0x100000000
2020-06-22 14:08:44,328 [myid:0] - INFO  [QuorumPeer[myid=0](plain=127.0.0.1:11238)(secure=disabled):WatchManagerFactory@42] - Using org.apache.zookeeper.server.watch.WatchManager as watch manager
2020-06-22 14:08:44,328 [myid:0] - INFO  [QuorumPeer[myid=0](plain=127.0.0.1:11238)(secure=disabled):WatchManagerFactory@42] - Using org.apache.zookeeper.server.watch.WatchManager as watch manager
2020-06-22 14:08:44,329 [myid:0] - INFO  [QuorumPeer[myid=0](plain=127.0.0.1:11238)(secure=disabled):Learner@677] - Learner received NEWLEADER message
2020-06-22 14:08:44,330 [myid:0] - INFO  [QuorumPeer[myid=0](plain=127.0.0.1:11238)(secure=disabled):FileTxnSnapLog@470] - Snapshotting: 0x100000000 to D:\desktop\git_repo\zookeeper-read\zookeeper-server\target\surefire\test686534229601697589.junit.dir\data\version-2\snapshot.100000000
2020-06-22 14:08:44,331 [myid:0] - INFO  [QuorumPeer[myid=0](plain=127.0.0.1:11238)(secure=disabled):ZooKeeperServer@519] - Snapshot taken in 2 ms
2020-06-22 14:08:44,334 [myid:0] - INFO  [QuorumPeer[myid=0](plain=127.0.0.1:11238)(secure=disabled):Learner@661] - Learner received UPTODATE message
2020-06-22 14:08:44,335 [myid:0] - INFO  [QuorumPeer[myid=0](plain=127.0.0.1:11238)(secure=disabled):QuorumPeer@868] - Peer state changed: following - synchronization
2020-06-22 14:08:44,335 [myid:0] - INFO  [QuorumPeer[myid=0](plain=127.0.0.1:11238)(secure=disabled):CommitProcessor@476] - Configuring CommitProcessor with readBatchSize -1 commitBatchSize 1
2020-06-22 14:08:44,335 [myid:0] - INFO  [QuorumPeer[myid=0](plain=127.0.0.1:11238)(secure=disabled):CommitProcessor@438] - Configuring CommitProcessor with 8 worker threads.
2020-06-22 14:08:44,336 [myid:0] - INFO  [QuorumPeer[myid=0](plain=127.0.0.1:11238)(secure=disabled):QuorumPeer@863] - Peer state changed: following - broadcast
2020-06-22 14:08:44,421 [myid:127.0.0.1:11231] - INFO  [main-SendThread(127.0.0.1:11231):ClientCnxn$SendThread@1154] - Opening socket connection to server activate.navicat.com/127.0.0.1:11231.
2020-06-22 14:08:44,421 [myid:127.0.0.1:11231] - INFO  [main-SendThread(127.0.0.1:11231):ClientCnxn$SendThread@1156] - SASL config status: Will not attempt to authenticate using SASL (unknown error)
2020-06-22 14:08:44,422 [myid:127.0.0.1:11231] - INFO  [main-SendThread(127.0.0.1:11231):ClientCnxn$SendThread@986] - Socket connection established, initiating session, client: /127.0.0.1:60891, server: activate.navicat.com/127.0.0.1:11231
2020-06-22 14:08:44,422 [myid:3] - WARN  [NIOWorkerThread-12:NIOServerCnxn@373] - Close of session 0x0
java.io.IOException: ZooKeeperServer not running
	at org.apache.zookeeper.server.NIOServerCnxn.readLength(NIOServerCnxn.java:544)
	at org.apache.zookeeper.server.NIOServerCnxn.doIO(NIOServerCnxn.java:332)
	at org.apache.zookeeper.server.NIOServerCnxnFactory$IOWorkRequest.doWork(NIOServerCnxnFactory.java:522)
	at org.apache.zookeeper.server.WorkerService$ScheduledWorkRequest.run(WorkerService.java:154)
	at java.util.concurrent.ThreadPoolExecutor.runWorker(ThreadPoolExecutor.java:1149)
	at java.util.concurrent.ThreadPoolExecutor$Worker.run(ThreadPoolExecutor.java:624)
	at java.lang.Thread.run(Thread.java:748)
2020-06-22 14:08:44,423 [myid:127.0.0.1:11231] - WARN  [main-SendThread(127.0.0.1:11231):ClientCnxn$SendThread@1272] - Session 0x30015eb2eb10000 for sever activate.navicat.com/127.0.0.1:11231, Closing socket connection. Attempting reconnect except it is a SessionExpiredException.
EndOfStreamException: Unable to read additional data from server sessionid 0x30015eb2eb10000, likely server has closed socket
	at org.apache.zookeeper.ClientCnxnSocketNIO.doIO(ClientCnxnSocketNIO.java:75)
	at org.apache.zookeeper.ClientCnxnSocketNIO.doTransport(ClientCnxnSocketNIO.java:348)
	at org.apache.zookeeper.ClientCnxn$SendThread.run(ClientCnxn.java:1262)
2020-06-22 14:08:44,542 [myid:] - INFO  [main:FourLetterWordMain@93] - connecting to 127.0.0.1 11238
2020-06-22 14:08:44,543 [myid:0] - INFO  [NIOWorkerThread-4:NIOServerCnxn@507] - Processing stat command from /127.0.0.1:60893
2020-06-22 14:08:44,543 [myid:0] - INFO  [NIOWorkerThread-4:StatCommand@52] - Stat command output
2020-06-22 14:08:44,544 [myid:] - INFO  [main:ZooKeeper@1005] - Initiating client connection, connectString=127.0.0.1:11238 sessionTimeout=30000 watcher=org.apache.zookeeper.test.ClientBase$CountdownWatcher@42f93a98
2020-06-22 14:08:44,545 [myid:] - INFO  [main:ClientCnxnSocket@239] - jute.maxbuffer value is 1048575 Bytes
2020-06-22 14:08:44,545 [myid:] - INFO  [main:ClientCnxn@1703] - zookeeper.request.timeout value is 0. feature enabled=false
2020-06-22 14:08:44,547 [myid:127.0.0.1:11238] - INFO  [main-SendThread(127.0.0.1:11238):ClientCnxn$SendThread@1154] - Opening socket connection to server activate.navicat.com/127.0.0.1:11238.
2020-06-22 14:08:44,547 [myid:127.0.0.1:11238] - INFO  [main-SendThread(127.0.0.1:11238):ClientCnxn$SendThread@1156] - SASL config status: Will not attempt to authenticate using SASL (unknown error)
2020-06-22 14:08:44,547 [myid:127.0.0.1:11238] - INFO  [main-SendThread(127.0.0.1:11238):ClientCnxn$SendThread@986] - Socket connection established, initiating session, client: /127.0.0.1:60896, server: activate.navicat.com/127.0.0.1:11238
2020-06-22 14:08:44,551 [myid:3] - WARN  [QuorumPeer[myid=3](plain=127.0.0.1:11247)(secure=disabled):Follower@170] - Got zxid 0x100000001 expected 0x1
2020-06-22 14:08:44,551 [myid:2] - WARN  [QuorumPeer[myid=2](plain=127.0.0.1:11244)(secure=disabled):Follower@170] - Got zxid 0x100000001 expected 0x1
2020-06-22 14:08:44,551 [myid:0] - WARN  [QuorumPeer[myid=0](plain=127.0.0.1:11238)(secure=disabled):Follower@170] - Got zxid 0x100000001 expected 0x1
2020-06-22 14:08:44,552 [myid:4] - INFO  [SyncThread:4:FileTxnLog@284] - Creating new log file: log.100000001
2020-06-22 14:08:44,551 [myid:1] - WARN  [QuorumPeer[myid=1](plain=127.0.0.1:11241)(secure=disabled):Follower@170] - Got zxid 0x100000001 expected 0x1
2020-06-22 14:08:44,553 [myid:0] - INFO  [SyncThread:0:FileTxnLog@284] - Creating new log file: log.100000001
2020-06-22 14:08:44,552 [myid:2] - INFO  [SyncThread:2:FileTxnLog@284] - Creating new log file: log.100000001
2020-06-22 14:08:44,552 [myid:3] - INFO  [SyncThread:3:FileTxnLog@284] - Creating new log file: log.100000001
2020-06-22 14:08:44,553 [myid:1] - INFO  [SyncThread:1:FileTxnLog@284] - Creating new log file: log.100000001
2020-06-22 14:08:44,557 [myid:3] - INFO  [CommitProcessor:3:LearnerSessionTracker@116] - Committing global session 0x15eb5eb40000
2020-06-22 14:08:44,557 [myid:4] - INFO  [CommitProcessor:4:LeaderSessionTracker@104] - Committing global session 0x15eb5eb40000
2020-06-22 14:08:44,557 [myid:1] - INFO  [CommitProcessor:1:LearnerSessionTracker@116] - Committing global session 0x15eb5eb40000
2020-06-22 14:08:44,557 [myid:2] - INFO  [CommitProcessor:2:LearnerSessionTracker@116] - Committing global session 0x15eb5eb40000
2020-06-22 14:08:44,557 [myid:0] - INFO  [CommitProcessor:0:LearnerSessionTracker@116] - Committing global session 0x15eb5eb40000
2020-06-22 14:08:44,560 [myid:127.0.0.1:11238] - INFO  [main-SendThread(127.0.0.1:11238):ClientCnxn$SendThread@1420] - Session establishment complete on server activate.navicat.com/127.0.0.1:11238, session id = 0x15eb5eb40000, negotiated timeout = 30000
2020-06-22 14:08:44,575 [myid:0] - INFO  [RequestThrottler:QuorumZooKeeperServer@158] - Submitting global closeSession request for session 0x15eb5eb40000
2020-06-22 14:08:44,680 [myid:] - INFO  [main:ZooKeeper@1618] - Session: 0x15eb5eb40000 closed
2020-06-22 14:08:44,680 [myid:] - INFO  [main-EventThread:ClientCnxn$EventThread@566] - EventThread shut down for session: 0x15eb5eb40000
2020-06-22 14:08:44,680 [myid:] - INFO  [main:FourLetterWordMain@93] - connecting to 127.0.0.1 11241
2020-06-22 14:08:44,683 [myid:1] - INFO  [NIOWorkerThread-1:NIOServerCnxn@507] - Processing stat command from /127.0.0.1:60897
2020-06-22 14:08:44,683 [myid:1] - INFO  [NIOWorkerThread-1:StatCommand@52] - Stat command output
2020-06-22 14:08:44,685 [myid:] - INFO  [main:ZooKeeper@1005] - Initiating client connection, connectString=127.0.0.1:11241 sessionTimeout=30000 watcher=org.apache.zookeeper.test.ClientBase$CountdownWatcher@3234e239
2020-06-22 14:08:44,686 [myid:] - INFO  [main:ClientCnxnSocket@239] - jute.maxbuffer value is 1048575 Bytes
2020-06-22 14:08:44,686 [myid:] - INFO  [main:ClientCnxn@1703] - zookeeper.request.timeout value is 0. feature enabled=false
2020-06-22 14:08:44,690 [myid:127.0.0.1:11241] - INFO  [main-SendThread(127.0.0.1:11241):ClientCnxn$SendThread@1154] - Opening socket connection to server activate.navicat.com/127.0.0.1:11241.
2020-06-22 14:08:44,691 [myid:127.0.0.1:11241] - INFO  [main-SendThread(127.0.0.1:11241):ClientCnxn$SendThread@1156] - SASL config status: Will not attempt to authenticate using SASL (unknown error)
2020-06-22 14:08:44,691 [myid:127.0.0.1:11241] - INFO  [main-SendThread(127.0.0.1:11241):ClientCnxn$SendThread@986] - Socket connection established, initiating session, client: /127.0.0.1:60901, server: activate.navicat.com/127.0.0.1:11241
2020-06-22 14:08:44,694 [myid:4] - INFO  [CommitProcessor:4:LeaderSessionTracker@104] - Committing global session 0x10015eb5d940000
2020-06-22 14:08:44,694 [myid:2] - INFO  [CommitProcessor:2:LearnerSessionTracker@116] - Committing global session 0x10015eb5d940000
2020-06-22 14:08:44,695 [myid:0] - INFO  [CommitProcessor:0:LearnerSessionTracker@116] - Committing global session 0x10015eb5d940000
2020-06-22 14:08:44,694 [myid:3] - INFO  [CommitProcessor:3:LearnerSessionTracker@116] - Committing global session 0x10015eb5d940000
2020-06-22 14:08:44,694 [myid:1] - INFO  [CommitProcessor:1:LearnerSessionTracker@116] - Committing global session 0x10015eb5d940000
2020-06-22 14:08:44,697 [myid:127.0.0.1:11241] - INFO  [main-SendThread(127.0.0.1:11241):ClientCnxn$SendThread@1420] - Session establishment complete on server activate.navicat.com/127.0.0.1:11241, session id = 0x10015eb5d940000, negotiated timeout = 30000
2020-06-22 14:08:44,710 [myid:1] - INFO  [RequestThrottler:QuorumZooKeeperServer@158] - Submitting global closeSession request for session 0x10015eb5d940000
2020-06-22 14:08:44,813 [myid:] - INFO  [main:ZooKeeper@1618] - Session: 0x10015eb5d940000 closed
2020-06-22 14:08:44,813 [myid:] - INFO  [main-EventThread:ClientCnxn$EventThread@566] - EventThread shut down for session: 0x10015eb5d940000
2020-06-22 14:08:44,813 [myid:] - INFO  [main:FourLetterWordMain@93] - connecting to 127.0.0.1 11244
2020-06-22 14:08:44,815 [myid:2] - INFO  [NIOWorkerThread-1:NIOServerCnxn@507] - Processing stat command from /127.0.0.1:60902
2020-06-22 14:08:44,815 [myid:2] - INFO  [NIOWorkerThread-1:StatCommand@52] - Stat command output
2020-06-22 14:08:44,816 [myid:] - INFO  [main:ZooKeeper@1005] - Initiating client connection, connectString=127.0.0.1:11244 sessionTimeout=30000 watcher=org.apache.zookeeper.test.ClientBase$CountdownWatcher@36b4cef0
2020-06-22 14:08:44,817 [myid:] - INFO  [main:ClientCnxnSocket@239] - jute.maxbuffer value is 1048575 Bytes
2020-06-22 14:08:44,818 [myid:] - INFO  [main:ClientCnxn@1703] - zookeeper.request.timeout value is 0. feature enabled=false
2020-06-22 14:08:44,819 [myid:127.0.0.1:11244] - INFO  [main-SendThread(127.0.0.1:11244):ClientCnxn$SendThread@1154] - Opening socket connection to server activate.navicat.com/127.0.0.1:11244.
2020-06-22 14:08:44,819 [myid:127.0.0.1:11244] - INFO  [main-SendThread(127.0.0.1:11244):ClientCnxn$SendThread@1156] - SASL config status: Will not attempt to authenticate using SASL (unknown error)
2020-06-22 14:08:44,819 [myid:127.0.0.1:11244] - INFO  [main-SendThread(127.0.0.1:11244):ClientCnxn$SendThread@986] - Socket connection established, initiating session, client: /127.0.0.1:60905, server: activate.navicat.com/127.0.0.1:11244
2020-06-22 14:08:44,822 [myid:4] - INFO  [CommitProcessor:4:LeaderSessionTracker@104] - Committing global session 0x20015eb5d930000
2020-06-22 14:08:44,822 [myid:0] - INFO  [CommitProcessor:0:LearnerSessionTracker@116] - Committing global session 0x20015eb5d930000
2020-06-22 14:08:44,822 [myid:2] - INFO  [CommitProcessor:2:LearnerSessionTracker@116] - Committing global session 0x20015eb5d930000
2020-06-22 14:08:44,822 [myid:1] - INFO  [CommitProcessor:1:LearnerSessionTracker@116] - Committing global session 0x20015eb5d930000
2020-06-22 14:08:44,822 [myid:3] - INFO  [CommitProcessor:3:LearnerSessionTracker@116] - Committing global session 0x20015eb5d930000
2020-06-22 14:08:44,823 [myid:127.0.0.1:11244] - INFO  [main-SendThread(127.0.0.1:11244):ClientCnxn$SendThread@1420] - Session establishment complete on server activate.navicat.com/127.0.0.1:11244, session id = 0x20015eb5d930000, negotiated timeout = 30000
2020-06-22 14:08:44,831 [myid:2] - INFO  [RequestThrottler:QuorumZooKeeperServer@158] - Submitting global closeSession request for session 0x20015eb5d930000
2020-06-22 14:08:44,934 [myid:] - INFO  [main:ZooKeeper@1618] - Session: 0x20015eb5d930000 closed
2020-06-22 14:08:44,934 [myid:] - INFO  [main-EventThread:ClientCnxn$EventThread@566] - EventThread shut down for session: 0x20015eb5d930000
2020-06-22 14:08:44,934 [myid:] - INFO  [main:FourLetterWordMain@93] - connecting to 127.0.0.1 11247
2020-06-22 14:08:44,936 [myid:3] - INFO  [NIOWorkerThread-1:NIOServerCnxn@507] - Processing stat command from /127.0.0.1:60909
2020-06-22 14:08:44,936 [myid:3] - INFO  [NIOWorkerThread-1:StatCommand@52] - Stat command output
2020-06-22 14:08:44,937 [myid:] - INFO  [main:ZooKeeper@1005] - Initiating client connection, connectString=127.0.0.1:11247 sessionTimeout=30000 watcher=org.apache.zookeeper.test.ClientBase$CountdownWatcher@1a1d6a08
2020-06-22 14:08:44,937 [myid:] - INFO  [main:ClientCnxnSocket@239] - jute.maxbuffer value is 1048575 Bytes
2020-06-22 14:08:44,938 [myid:] - INFO  [main:ClientCnxn@1703] - zookeeper.request.timeout value is 0. feature enabled=false
2020-06-22 14:08:44,939 [myid:127.0.0.1:11247] - INFO  [main-SendThread(127.0.0.1:11247):ClientCnxn$SendThread@1154] - Opening socket connection to server activate.navicat.com/127.0.0.1:11247.
2020-06-22 14:08:44,939 [myid:127.0.0.1:11247] - INFO  [main-SendThread(127.0.0.1:11247):ClientCnxn$SendThread@1156] - SASL config status: Will not attempt to authenticate using SASL (unknown error)
2020-06-22 14:08:44,939 [myid:127.0.0.1:11247] - INFO  [main-SendThread(127.0.0.1:11247):ClientCnxn$SendThread@986] - Socket connection established, initiating session, client: /127.0.0.1:60913, server: activate.navicat.com/127.0.0.1:11247
2020-06-22 14:08:44,942 [myid:4] - INFO  [CommitProcessor:4:LeaderSessionTracker@104] - Committing global session 0x30015eb5d930000
2020-06-22 14:08:44,942 [myid:3] - INFO  [CommitProcessor:3:LearnerSessionTracker@116] - Committing global session 0x30015eb5d930000
2020-06-22 14:08:44,942 [myid:2] - INFO  [CommitProcessor:2:LearnerSessionTracker@116] - Committing global session 0x30015eb5d930000
2020-06-22 14:08:44,942 [myid:0] - INFO  [CommitProcessor:0:LearnerSessionTracker@116] - Committing global session 0x30015eb5d930000
2020-06-22 14:08:44,942 [myid:1] - INFO  [CommitProcessor:1:LearnerSessionTracker@116] - Committing global session 0x30015eb5d930000
2020-06-22 14:08:44,943 [myid:127.0.0.1:11247] - INFO  [main-SendThread(127.0.0.1:11247):ClientCnxn$SendThread@1420] - Session establishment complete on server activate.navicat.com/127.0.0.1:11247, session id = 0x30015eb5d930000, negotiated timeout = 30000
2020-06-22 14:08:44,954 [myid:3] - INFO  [RequestThrottler:QuorumZooKeeperServer@158] - Submitting global closeSession request for session 0x30015eb5d930000
2020-06-22 14:08:45,058 [myid:] - INFO  [main:ZooKeeper@1618] - Session: 0x30015eb5d930000 closed
2020-06-22 14:08:45,058 [myid:] - INFO  [main-EventThread:ClientCnxn$EventThread@566] - EventThread shut down for session: 0x30015eb5d930000
2020-06-22 14:08:45,058 [myid:] - INFO  [main:FourLetterWordMain@93] - connecting to 127.0.0.1 11250
2020-06-22 14:08:45,060 [myid:4] - INFO  [NIOWorkerThread-1:NIOServerCnxn@507] - Processing stat command from /127.0.0.1:60915
2020-06-22 14:08:45,060 [myid:4] - INFO  [NIOWorkerThread-1:StatCommand@52] - Stat command output
2020-06-22 14:08:45,062 [myid:] - INFO  [main:ZooKeeper@1005] - Initiating client connection, connectString=127.0.0.1:11250 sessionTimeout=30000 watcher=org.apache.zookeeper.test.ClientBase$CountdownWatcher@27808f31
2020-06-22 14:08:45,063 [myid:] - INFO  [main:ClientCnxnSocket@239] - jute.maxbuffer value is 1048575 Bytes
2020-06-22 14:08:45,063 [myid:] - INFO  [main:ClientCnxn@1703] - zookeeper.request.timeout value is 0. feature enabled=false
2020-06-22 14:08:45,064 [myid:127.0.0.1:11250] - INFO  [main-SendThread(127.0.0.1:11250):ClientCnxn$SendThread@1154] - Opening socket connection to server activate.navicat.com/127.0.0.1:11250.
2020-06-22 14:08:45,064 [myid:127.0.0.1:11250] - INFO  [main-SendThread(127.0.0.1:11250):ClientCnxn$SendThread@1156] - SASL config status: Will not attempt to authenticate using SASL (unknown error)
2020-06-22 14:08:45,066 [myid:127.0.0.1:11250] - INFO  [main-SendThread(127.0.0.1:11250):ClientCnxn$SendThread@986] - Socket connection established, initiating session, client: /127.0.0.1:60918, server: activate.navicat.com/127.0.0.1:11250
2020-06-22 14:08:45,068 [myid:4] - INFO  [CommitProcessor:4:LeaderSessionTracker@104] - Committing global session 0x40015eb5d980000
2020-06-22 14:08:45,068 [myid:0] - INFO  [CommitProcessor:0:LearnerSessionTracker@116] - Committing global session 0x40015eb5d980000
2020-06-22 14:08:45,068 [myid:3] - INFO  [CommitProcessor:3:LearnerSessionTracker@116] - Committing global session 0x40015eb5d980000
2020-06-22 14:08:45,068 [myid:1] - INFO  [CommitProcessor:1:LearnerSessionTracker@116] - Committing global session 0x40015eb5d980000
2020-06-22 14:08:45,068 [myid:2] - INFO  [CommitProcessor:2:LearnerSessionTracker@116] - Committing global session 0x40015eb5d980000
2020-06-22 14:08:45,069 [myid:127.0.0.1:11250] - INFO  [main-SendThread(127.0.0.1:11250):ClientCnxn$SendThread@1420] - Session establishment complete on server activate.navicat.com/127.0.0.1:11250, session id = 0x40015eb5d980000, negotiated timeout = 30000
2020-06-22 14:08:45,079 [myid:4] - INFO  [RequestThrottler:QuorumZooKeeperServer@158] - Submitting global closeSession request for session 0x40015eb5d980000
2020-06-22 14:08:45,181 [myid:] - INFO  [main:ZooKeeper@1618] - Session: 0x40015eb5d980000 closed
2020-06-22 14:08:45,181 [myid:] - INFO  [main-EventThread:ClientCnxn$EventThread@566] - EventThread shut down for session: 0x40015eb5d980000
2020-06-22 14:08:45,183 [myid:] - WARN  [main:JUnit4ZKTestRunner$LoggedInvokeMethod@105] - TEST METHOD FAILED testVersionOfDynamicFilename
java.lang.AssertionError
	at org.apache.zookeeper.server.quorum.ReconfigBackupTest.testVersionOfDynamicFilename(ReconfigBackupTest.java:332)
	at org.apache.zookeeper.JUnit4ZKTestRunner$LoggedInvokeMethod.evaluate(JUnit4ZKTestRunner.java:86)
2020-06-22 14:08:45,183 [myid:] - INFO  [main:QuorumPeerTestBase@64] - No servers to shutdown!
2020-06-22 14:08:45,184 [myid:] - ERROR [main:ZKTestCase$1@101] - FAILED testVersionOfDynamicFilename
java.lang.AssertionError
	at org.apache.zookeeper.server.quorum.ReconfigBackupTest.testVersionOfDynamicFilename(ReconfigBackupTest.java:332)
	at org.apache.zookeeper.JUnit4ZKTestRunner$LoggedInvokeMethod.evaluate(JUnit4ZKTestRunner.java:86)
2020-06-22 14:08:45,184 [myid:] - INFO  [main:ZKTestCase$1@91] - FINISHED testVersionOfDynamicFilename
]]></system-out>
  </testcase>
  <testcase name="testBackupStatic" classname="org.apache.zookeeper.server.quorum.ReconfigBackupTest" time="1.093"/>
</testsuite>