<?xml version="1.0" encoding="UTF-8"?>
<testsuite xmlns:xsi="http://www.w3.org/2001/XMLSchema-instance" xsi:noNamespaceSchemaLocation="https://maven.apache.org/surefire/maven-surefire-plugin/xsd/surefire-test-report.xsd" name="org.apache.zookeeper.common.X509UtilTest" time="18.104" tests="352" errors="0" skipped="0" failures="0">
  <properties>
[...]
</properties>
  <testcase name="testLoadPEMTrustStoreNullPassword[0]" classname="org.apache.zookeeper.common.X509UtilTest" time="0.107"/>
  <testcase name="testCreateSSLContextWithoutKeyStorePassword[0]" classname="org.apache.zookeeper.common.X509UtilTest" time="0.204"/>
  <testcase name="testLoadPKCS12TrustStore[0]" classname="org.apache.zookeeper.common.X509UtilTest" time="0.416"/>
  <testcase name="testLoadPKCS12TrustStoreWithWrongPassword[0]" classname="org.apache.zookeeper.common.X509UtilTest" time="0.075"/>
  <testcase name="testClientRenegotiationFails[0]" classname="org.apache.zookeeper.common.X509UtilTest" time="0.38"/>
  <testcase name="testCRLEnabled[0]" classname="org.apache.zookeeper.common.X509UtilTest" time="0.143"/>
  <testcase name="testCreateSSLContextWithoutKeyStoreLocation[0]" classname="org.apache.zookeeper.common.X509UtilTest" time="0.084"/>
  <testcase name="testLoadPKCS12KeyStore[0]" classname="org.apache.zookeeper.common.X509UtilTest" time="0.612"/>
  <testcase name="testLoadJKSTrustStoreWithWrongPassword[0]" classname="org.apache.zookeeper.common.X509UtilTest" time="0.002"/>
  <testcase name="testLoadPKCS12TrustStoreAutodetectStoreFileType[0]" classname="org.apache.zookeeper.common.X509UtilTest" time="0.105"/>
  <testcase name="testCreateSSLServerSocketWithPort[0]" classname="org.apache.zookeeper.common.X509UtilTest" time="0.135"/>
  <testcase name="testCreateSSLContextWithCustomCipherSuites[0]" classname="org.apache.zookeeper.common.X509UtilTest" time="0.084"/>
  <testcase name="testCRLDisabled[0]" classname="org.apache.zookeeper.common.X509UtilTest" time="0.07"/>
  <testcase name="testCreateSSLContext_invalidCustomSSLContextClass[0]" classname="org.apache.zookeeper.common.X509UtilTest" time="0"/>
  <testcase name="testCreateSSLContextWithoutCustomProtocol[0]" classname="org.apache.zookeeper.common.X509UtilTest" time="0.051"/>
  <testcase name="testOCSPEnabled[0]" classname="org.apache.zookeeper.common.X509UtilTest" time="0.026"/>
  <testcase name="testGetDefaultCipherSuitesJava8[0]" classname="org.apache.zookeeper.common.X509UtilTest" time="0.008"/>
  <testcase name="testGetDefaultCipherSuitesJava9[0]" classname="org.apache.zookeeper.common.X509UtilTest" time="0.011"/>
  <testcase name="testLoadJKSKeyStoreNullPassword[0]" classname="org.apache.zookeeper.common.X509UtilTest" time="0"/>
  <testcase name="testLoadJKSKeyStoreAutodetectStoreFileType[0]" classname="org.apache.zookeeper.common.X509UtilTest" time="0"/>
  <testcase name="testCreateSSLContext_validCustomSSLContextClass[0]" classname="org.apache.zookeeper.common.X509UtilTest" time="0"/>
  <testcase name="testLoadPEMTrustStoreAutodetectStoreFileType[0]" classname="org.apache.zookeeper.common.X509UtilTest" time="0.005"/>
  <testcase name="testLoadJKSKeyStore[0]" classname="org.apache.zookeeper.common.X509UtilTest" time="0"/>
  <testcase name="testLoadJKSTrustStoreNullPassword[0]" classname="org.apache.zookeeper.common.X509UtilTest" time="0"/>
  <testcase name="testLoadJKSTrustStoreAutodetectStoreFileType[0]" classname="org.apache.zookeeper.common.X509UtilTest" time="0"/>
  <testcase name="testCreateSSLContextWithCustomProtocol[0]" classname="org.apache.zookeeper.common.X509UtilTest" time="0.126"/>
  <testcase name="testLoadJKSKeyStoreWithWrongPassword[0]" classname="org.apache.zookeeper.common.X509UtilTest" time="0"/>
  <testcase name="testLoadPKCS12TrustStoreNullPassword[0]" classname="org.apache.zookeeper.common.X509UtilTest" time="0.094"/>
  <testcase name="testGetDefaultCipherSuitesUnknownVersion[0]" classname="org.apache.zookeeper.common.X509UtilTest" time="0.001"/>
  <testcase name="testGetSslHandshakeDetectionTimeoutMillisProperty[0]" classname="org.apache.zookeeper.common.X509UtilTest" time="0.005"/>
  <testcase name="testLoadPKCS12KeyStoreAutodetectStoreFileType[0]" classname="org.apache.zookeeper.common.X509UtilTest" time="0.215"/>
  <testcase name="testCreateSSLSocket[0]" classname="org.apache.zookeeper.common.X509UtilTest" time="0.121"/>
  <testcase name="testLoadPEMTrustStore[0]" classname="org.apache.zookeeper.common.X509UtilTest" time="0.002"/>
  <testcase name="testGetDefaultCipherSuitesJava10[0]" classname="org.apache.zookeeper.common.X509UtilTest" time="0.001"/>
  <testcase name="testGetDefaultCipherSuitesJava11[0]" classname="org.apache.zookeeper.common.X509UtilTest" time="0.001"/>
  <testcase name="testLoadPEMKeyStoreNullPassword[0]" classname="org.apache.zookeeper.common.X509UtilTest" time="0.009"/>
  <testcase name="testLoadPEMKeyStoreAutodetectStoreFileType[0]" classname="org.apache.zookeeper.common.X509UtilTest" time="0.002"/>
  <testcase name="testLoadJKSTrustStore[0]" classname="org.apache.zookeeper.common.X509UtilTest" time="0.003"/>
  <testcase name="testLoadPEMKeyStore[0]" classname="org.apache.zookeeper.common.X509UtilTest" time="0.001"/>
  <testcase name="testLoadPKCS12KeyStoreWithWrongPassword[0]" classname="org.apache.zookeeper.common.X509UtilTest" time="0.146"/>
  <testcase name="testLoadPEMKeyStoreWithWrongPassword[0]" classname="org.apache.zookeeper.common.X509UtilTest" time="0.014"/>
  <testcase name="testCreateSSLServerSocketWithoutPort[0]" classname="org.apache.zookeeper.common.X509UtilTest" time="0.081"/>
  <testcase name="testGetDefaultCipherSuitesNullVersion[0]" classname="org.apache.zookeeper.common.X509UtilTest" time="0.002"/>
  <testcase name="testLoadPKCS12KeyStoreNullPassword[0]" classname="org.apache.zookeeper.common.X509UtilTest" time="0.124"/>
  <testcase name="testLoadPEMTrustStoreNullPassword[1]" classname="org.apache.zookeeper.common.X509UtilTest" time="0.002"/>
  <testcase name="testCreateSSLContextWithoutKeyStorePassword[1]" classname="org.apache.zookeeper.common.X509UtilTest" time="0.022"/>
  <testcase name="testLoadPKCS12TrustStore[1]" classname="org.apache.zookeeper.common.X509UtilTest" time="0.222"/>
  <testcase name="testLoadPKCS12TrustStoreWithWrongPassword[1]" classname="org.apache.zookeeper.common.X509UtilTest" time="0.058"/>
  <testcase name="testClientRenegotiationFails[1]" classname="org.apache.zookeeper.common.X509UtilTest" time="0.13"/>
  <testcase name="testCRLEnabled[1]" classname="org.apache.zookeeper.common.X509UtilTest" time="0.042"/>
  <testcase name="testCreateSSLContextWithoutKeyStoreLocation[1]" classname="org.apache.zookeeper.common.X509UtilTest" time="0.038"/>
  <testcase name="testLoadPKCS12KeyStore[1]" classname="org.apache.zookeeper.common.X509UtilTest" time="0.339"/>
  <testcase name="testLoadJKSTrustStoreWithWrongPassword[1]" classname="org.apache.zookeeper.common.X509UtilTest" time="0.002"/>
  <testcase name="testLoadPKCS12TrustStoreAutodetectStoreFileType[1]" classname="org.apache.zookeeper.common.X509UtilTest" time="0.122"/>
  <testcase name="testCreateSSLServerSocketWithPort[1]" classname="org.apache.zookeeper.common.X509UtilTest" time="0.04"/>
  <testcase name="testCreateSSLContextWithCustomCipherSuites[1]" classname="org.apache.zookeeper.common.X509UtilTest" time="0.06"/>
  <testcase name="testCRLDisabled[1]" classname="org.apache.zookeeper.common.X509UtilTest" time="0.039"/>
  <testcase name="testCreateSSLContext_invalidCustomSSLContextClass[1]" classname="org.apache.zookeeper.common.X509UtilTest" time="0.001"/>
  <testcase name="testCreateSSLContextWithoutCustomProtocol[1]" classname="org.apache.zookeeper.common.X509UtilTest" time="0.003"/>
  <testcase name="testOCSPEnabled[1]" classname="org.apache.zookeeper.common.X509UtilTest" time="0.015"/>
  <testcase name="testGetDefaultCipherSuitesJava8[1]" classname="org.apache.zookeeper.common.X509UtilTest" time="0.001"/>
  <testcase name="testGetDefaultCipherSuitesJava9[1]" classname="org.apache.zookeeper.common.X509UtilTest" time="0.001"/>
  <testcase name="testLoadJKSKeyStoreNullPassword[1]" classname="org.apache.zookeeper.common.X509UtilTest" time="0.001"/>
  <testcase name="testLoadJKSKeyStoreAutodetectStoreFileType[1]" classname="org.apache.zookeeper.common.X509UtilTest" time="0.001"/>
  <testcase name="testCreateSSLContext_validCustomSSLContextClass[1]" classname="org.apache.zookeeper.common.X509UtilTest" time="0.001"/>
  <testcase name="testLoadPEMTrustStoreAutodetectStoreFileType[1]" classname="org.apache.zookeeper.common.X509UtilTest" time="0.003"/>
  <testcase name="testLoadJKSKeyStore[1]" classname="org.apache.zookeeper.common.X509UtilTest" time="0.001"/>
  <testcase name="testLoadJKSTrustStoreNullPassword[1]" classname="org.apache.zookeeper.common.X509UtilTest" time="0"/>
  <testcase name="testLoadJKSTrustStoreAutodetectStoreFileType[1]" classname="org.apache.zookeeper.common.X509UtilTest" time="0.001"/>
  <testcase name="testCreateSSLContextWithCustomProtocol[1]" classname="org.apache.zookeeper.common.X509UtilTest" time="0.009"/>
  <testcase name="testLoadJKSKeyStoreWithWrongPassword[1]" classname="org.apache.zookeeper.common.X509UtilTest" time="0.002"/>
  <testcase name="testLoadPKCS12TrustStoreNullPassword[1]" classname="org.apache.zookeeper.common.X509UtilTest" time="0.001"/>
  <testcase name="testGetDefaultCipherSuitesUnknownVersion[1]" classname="org.apache.zookeeper.common.X509UtilTest" time="0.001"/>
  <testcase name="testGetSslHandshakeDetectionTimeoutMillisProperty[1]" classname="org.apache.zookeeper.common.X509UtilTest" time="0.004"/>
  <testcase name="testLoadPKCS12KeyStoreAutodetectStoreFileType[1]" classname="org.apache.zookeeper.common.X509UtilTest" time="0.129"/>
  <testcase name="testCreateSSLSocket[1]" classname="org.apache.zookeeper.common.X509UtilTest" time="0.002"/>
  <testcase name="testLoadPEMTrustStore[1]" classname="org.apache.zookeeper.common.X509UtilTest" time="0.003"/>
  <testcase name="testGetDefaultCipherSuitesJava10[1]" classname="org.apache.zookeeper.common.X509UtilTest" time="0.001"/>
  <testcase name="testGetDefaultCipherSuitesJava11[1]" classname="org.apache.zookeeper.common.X509UtilTest" time="0.001"/>
  <testcase name="testLoadPEMKeyStoreNullPassword[1]" classname="org.apache.zookeeper.common.X509UtilTest" time="0.001"/>
  <testcase name="testLoadPEMKeyStoreAutodetectStoreFileType[1]" classname="org.apache.zookeeper.common.X509UtilTest" time="0.225"/>
  <testcase name="testLoadJKSTrustStore[1]" classname="org.apache.zookeeper.common.X509UtilTest" time="0.003"/>
  <testcase name="testLoadPEMKeyStore[1]" classname="org.apache.zookeeper.common.X509UtilTest" time="0.005"/>
  <testcase name="testLoadPKCS12KeyStoreWithWrongPassword[1]" classname="org.apache.zookeeper.common.X509UtilTest" time="0.098"/>
  <testcase name="testLoadPEMKeyStoreWithWrongPassword[1]" classname="org.apache.zookeeper.common.X509UtilTest" time="0.005"/>
  <testcase name="testCreateSSLServerSocketWithoutPort[1]" classname="org.apache.zookeeper.common.X509UtilTest" time="0.002"/>
  <testcase name="testGetDefaultCipherSuitesNullVersion[1]" classname="org.apache.zookeeper.common.X509UtilTest" time="0.001"/>
  <testcase name="testLoadPKCS12KeyStoreNullPassword[1]" classname="org.apache.zookeeper.common.X509UtilTest" time="0.001"/>
  <testcase name="testLoadPEMTrustStoreNullPassword[2]" classname="org.apache.zookeeper.common.X509UtilTest" time="0.04"/>
  <testcase name="testCreateSSLContextWithoutKeyStorePassword[2]" classname="org.apache.zookeeper.common.X509UtilTest" time="0.053"/>
  <testcase name="testLoadPKCS12TrustStore[2]" classname="org.apache.zookeeper.common.X509UtilTest" time="0.268"/>
  <testcase name="testLoadPKCS12TrustStoreWithWrongPassword[2]" classname="org.apache.zookeeper.common.X509UtilTest" time="0.098"/>
  <testcase name="testClientRenegotiationFails[2]" classname="org.apache.zookeeper.common.X509UtilTest" time="0.157"/>
  <testcase name="testCRLEnabled[2]" classname="org.apache.zookeeper.common.X509UtilTest" time="0.05"/>
  <testcase name="testCreateSSLContextWithoutKeyStoreLocation[2]" classname="org.apache.zookeeper.common.X509UtilTest" time="0.028"/>
  <testcase name="testLoadPKCS12KeyStore[2]" classname="org.apache.zookeeper.common.X509UtilTest" time="0.417"/>
  <testcase name="testLoadJKSTrustStoreWithWrongPassword[2]" classname="org.apache.zookeeper.common.X509UtilTest" time="0.002"/>
  <testcase name="testLoadPKCS12TrustStoreAutodetectStoreFileType[2]" classname="org.apache.zookeeper.common.X509UtilTest" time="0.127"/>
  <testcase name="testCreateSSLServerSocketWithPort[2]" classname="org.apache.zookeeper.common.X509UtilTest" time="0.019"/>
  <testcase name="testCreateSSLContextWithCustomCipherSuites[2]" classname="org.apache.zookeeper.common.X509UtilTest" time="0.009"/>
  <testcase name="testCRLDisabled[2]" classname="org.apache.zookeeper.common.X509UtilTest" time="0.002"/>
  <testcase name="testCreateSSLContext_invalidCustomSSLContextClass[2]" classname="org.apache.zookeeper.common.X509UtilTest" time="0.002"/>
  <testcase name="testCreateSSLContextWithoutCustomProtocol[2]" classname="org.apache.zookeeper.common.X509UtilTest" time="0.013"/>
  <testcase name="testOCSPEnabled[2]" classname="org.apache.zookeeper.common.X509UtilTest" time="0.029"/>
  <testcase name="testGetDefaultCipherSuitesJava8[2]" classname="org.apache.zookeeper.common.X509UtilTest" time="0.001"/>
  <testcase name="testGetDefaultCipherSuitesJava9[2]" classname="org.apache.zookeeper.common.X509UtilTest" time="0.001"/>
  <testcase name="testLoadJKSKeyStoreNullPassword[2]" classname="org.apache.zookeeper.common.X509UtilTest" time="0.001"/>
  <testcase name="testLoadJKSKeyStoreAutodetectStoreFileType[2]" classname="org.apache.zookeeper.common.X509UtilTest" time="0.001"/>
  <testcase name="testCreateSSLContext_validCustomSSLContextClass[2]" classname="org.apache.zookeeper.common.X509UtilTest" time="0.001"/>
  <testcase name="testLoadPEMTrustStoreAutodetectStoreFileType[2]" classname="org.apache.zookeeper.common.X509UtilTest" time="0.001"/>
  <testcase name="testLoadJKSKeyStore[2]" classname="org.apache.zookeeper.common.X509UtilTest" time="0.001"/>
  <testcase name="testLoadJKSTrustStoreNullPassword[2]" classname="org.apache.zookeeper.common.X509UtilTest" time="0.002"/>
  <testcase name="testLoadJKSTrustStoreAutodetectStoreFileType[2]" classname="org.apache.zookeeper.common.X509UtilTest" time="0"/>
  <testcase name="testCreateSSLContextWithCustomProtocol[2]" classname="org.apache.zookeeper.common.X509UtilTest" time="0.006"/>
  <testcase name="testLoadJKSKeyStoreWithWrongPassword[2]" classname="org.apache.zookeeper.common.X509UtilTest" time="0.002"/>
  <testcase name="testLoadPKCS12TrustStoreNullPassword[2]" classname="org.apache.zookeeper.common.X509UtilTest" time="0.202"/>
  <testcase name="testGetDefaultCipherSuitesUnknownVersion[2]" classname="org.apache.zookeeper.common.X509UtilTest" time="0.001"/>
  <testcase name="testGetSslHandshakeDetectionTimeoutMillisProperty[2]" classname="org.apache.zookeeper.common.X509UtilTest" time="0.006"/>
  <testcase name="testLoadPKCS12KeyStoreAutodetectStoreFileType[2]" classname="org.apache.zookeeper.common.X509UtilTest" time="0.171"/>
  <testcase name="testCreateSSLSocket[2]" classname="org.apache.zookeeper.common.X509UtilTest" time="0.009"/>
  <testcase name="testLoadPEMTrustStore[2]" classname="org.apache.zookeeper.common.X509UtilTest" time="0"/>
  <testcase name="testGetDefaultCipherSuitesJava10[2]" classname="org.apache.zookeeper.common.X509UtilTest" time="0"/>
  <testcase name="testGetDefaultCipherSuitesJava11[2]" classname="org.apache.zookeeper.common.X509UtilTest" time="0"/>
  <testcase name="testLoadPEMKeyStoreNullPassword[2]" classname="org.apache.zookeeper.common.X509UtilTest" time="0.007"/>
  <testcase name="testLoadPEMKeyStoreAutodetectStoreFileType[2]" classname="org.apache.zookeeper.common.X509UtilTest" time="0.002"/>
  <testcase name="testLoadJKSTrustStore[2]" classname="org.apache.zookeeper.common.X509UtilTest" time="0.001"/>
  <testcase name="testLoadPEMKeyStore[2]" classname="org.apache.zookeeper.common.X509UtilTest" time="0.005"/>
  <testcase name="testLoadPKCS12KeyStoreWithWrongPassword[2]" classname="org.apache.zookeeper.common.X509UtilTest" time="0.061"/>
  <testcase name="testLoadPEMKeyStoreWithWrongPassword[2]" classname="org.apache.zookeeper.common.X509UtilTest" time="0.001"/>
  <testcase name="testCreateSSLServerSocketWithoutPort[2]" classname="org.apache.zookeeper.common.X509UtilTest" time="0.015"/>
  <testcase name="testGetDefaultCipherSuitesNullVersion[2]" classname="org.apache.zookeeper.common.X509UtilTest" time="0.001"/>
  <testcase name="testLoadPKCS12KeyStoreNullPassword[2]" classname="org.apache.zookeeper.common.X509UtilTest" time="0.129"/>
  <testcase name="testLoadPEMTrustStoreNullPassword[3]" classname="org.apache.zookeeper.common.X509UtilTest" time="0.006"/>
  <testcase name="testCreateSSLContextWithoutKeyStorePassword[3]" classname="org.apache.zookeeper.common.X509UtilTest" time="0.019"/>
  <testcase name="testLoadPKCS12TrustStore[3]" classname="org.apache.zookeeper.common.X509UtilTest" time="0.317"/>
  <testcase name="testLoadPKCS12TrustStoreWithWrongPassword[3]" classname="org.apache.zookeeper.common.X509UtilTest" time="0.104"/>
  <testcase name="testClientRenegotiationFails[3]" classname="org.apache.zookeeper.common.X509UtilTest" time="0.056"/>
  <testcase name="testCRLEnabled[3]" classname="org.apache.zookeeper.common.X509UtilTest" time="0.029"/>
  <testcase name="testCreateSSLContextWithoutKeyStoreLocation[3]" classname="org.apache.zookeeper.common.X509UtilTest" time="0.018"/>
  <testcase name="testLoadPKCS12KeyStore[3]" classname="org.apache.zookeeper.common.X509UtilTest" time="0.365"/>
  <testcase name="testLoadJKSTrustStoreWithWrongPassword[3]" classname="org.apache.zookeeper.common.X509UtilTest" time="0.004"/>
  <testcase name="testLoadPKCS12TrustStoreAutodetectStoreFileType[3]" classname="org.apache.zookeeper.common.X509UtilTest" time="0.119"/>
  <testcase name="testCreateSSLServerSocketWithPort[3]" classname="org.apache.zookeeper.common.X509UtilTest" time="0.004"/>
  <testcase name="testCreateSSLContextWithCustomCipherSuites[3]" classname="org.apache.zookeeper.common.X509UtilTest" time="0.002"/>
  <testcase name="testCRLDisabled[3]" classname="org.apache.zookeeper.common.X509UtilTest" time="0.004"/>
  <testcase name="testCreateSSLContext_invalidCustomSSLContextClass[3]" classname="org.apache.zookeeper.common.X509UtilTest" time="0.002"/>
  <testcase name="testCreateSSLContextWithoutCustomProtocol[3]" classname="org.apache.zookeeper.common.X509UtilTest" time="0.011"/>
  <testcase name="testOCSPEnabled[3]" classname="org.apache.zookeeper.common.X509UtilTest" time="0.007"/>
  <testcase name="testGetDefaultCipherSuitesJava8[3]" classname="org.apache.zookeeper.common.X509UtilTest" time="0.002"/>
  <testcase name="testGetDefaultCipherSuitesJava9[3]" classname="org.apache.zookeeper.common.X509UtilTest" time="0"/>
  <testcase name="testLoadJKSKeyStoreNullPassword[3]" classname="org.apache.zookeeper.common.X509UtilTest" time="0"/>
  <testcase name="testLoadJKSKeyStoreAutodetectStoreFileType[3]" classname="org.apache.zookeeper.common.X509UtilTest" time="0"/>
  <testcase name="testCreateSSLContext_validCustomSSLContextClass[3]" classname="org.apache.zookeeper.common.X509UtilTest" time="0"/>
  <testcase name="testLoadPEMTrustStoreAutodetectStoreFileType[3]" classname="org.apache.zookeeper.common.X509UtilTest" time="0.01"/>
  <testcase name="testLoadJKSKeyStore[3]" classname="org.apache.zookeeper.common.X509UtilTest" time="0.001"/>
  <testcase name="testLoadJKSTrustStoreNullPassword[3]" classname="org.apache.zookeeper.common.X509UtilTest" time="0.001"/>
  <testcase name="testLoadJKSTrustStoreAutodetectStoreFileType[3]" classname="org.apache.zookeeper.common.X509UtilTest" time="0.001"/>
  <testcase name="testCreateSSLContextWithCustomProtocol[3]" classname="org.apache.zookeeper.common.X509UtilTest" time="0.005"/>
  <testcase name="testLoadJKSKeyStoreWithWrongPassword[3]" classname="org.apache.zookeeper.common.X509UtilTest" time="0.002"/>
  <testcase name="testLoadPKCS12TrustStoreNullPassword[3]" classname="org.apache.zookeeper.common.X509UtilTest" time="0"/>
  <testcase name="testGetDefaultCipherSuitesUnknownVersion[3]" classname="org.apache.zookeeper.common.X509UtilTest" time="0.001"/>
  <testcase name="testGetSslHandshakeDetectionTimeoutMillisProperty[3]" classname="org.apache.zookeeper.common.X509UtilTest" time="0.004"/>
  <testcase name="testLoadPKCS12KeyStoreAutodetectStoreFileType[3]" classname="org.apache.zookeeper.common.X509UtilTest" time="0.106"/>
  <testcase name="testCreateSSLSocket[3]" classname="org.apache.zookeeper.common.X509UtilTest" time="0.014"/>
  <testcase name="testLoadPEMTrustStore[3]" classname="org.apache.zookeeper.common.X509UtilTest" time="0.004"/>
  <testcase name="testGetDefaultCipherSuitesJava10[3]" classname="org.apache.zookeeper.common.X509UtilTest" time="0.001"/>
  <testcase name="testGetDefaultCipherSuitesJava11[3]" classname="org.apache.zookeeper.common.X509UtilTest" time="0"/>
  <testcase name="testLoadPEMKeyStoreNullPassword[3]" classname="org.apache.zookeeper.common.X509UtilTest" time="0.001"/>
  <testcase name="testLoadPEMKeyStoreAutodetectStoreFileType[3]" classname="org.apache.zookeeper.common.X509UtilTest" time="0.041"/>
  <testcase name="testLoadJKSTrustStore[3]" classname="org.apache.zookeeper.common.X509UtilTest" time="0.001"/>
  <testcase name="testLoadPEMKeyStore[3]" classname="org.apache.zookeeper.common.X509UtilTest" time="0.005"/>
  <testcase name="testLoadPKCS12KeyStoreWithWrongPassword[3]" classname="org.apache.zookeeper.common.X509UtilTest" time="0.084"/>
  <testcase name="testLoadPEMKeyStoreWithWrongPassword[3]" classname="org.apache.zookeeper.common.X509UtilTest" time="0.005"/>
  <testcase name="testCreateSSLServerSocketWithoutPort[3]" classname="org.apache.zookeeper.common.X509UtilTest" time="0.004"/>
  <testcase name="testGetDefaultCipherSuitesNullVersion[3]" classname="org.apache.zookeeper.common.X509UtilTest" time="0.001"/>
  <testcase name="testLoadPKCS12KeyStoreNullPassword[3]" classname="org.apache.zookeeper.common.X509UtilTest" time="0.001"/>
  <testcase name="testLoadPEMTrustStoreNullPassword[4]" classname="org.apache.zookeeper.common.X509UtilTest" time="0.008"/>
  <testcase name="testCreateSSLContextWithoutKeyStorePassword[4]" classname="org.apache.zookeeper.common.X509UtilTest" time="0.003"/>
  <testcase name="testLoadPKCS12TrustStore[4]" classname="org.apache.zookeeper.common.X509UtilTest" time="0.233"/>
  <testcase name="testLoadPKCS12TrustStoreWithWrongPassword[4]" classname="org.apache.zookeeper.common.X509UtilTest" time="0.053"/>
  <testcase name="testClientRenegotiationFails[4]" classname="org.apache.zookeeper.common.X509UtilTest" time="0.081"/>
  <testcase name="testCRLEnabled[4]" classname="org.apache.zookeeper.common.X509UtilTest" time="0.023"/>
  <testcase name="testCreateSSLContextWithoutKeyStoreLocation[4]" classname="org.apache.zookeeper.common.X509UtilTest" time="0.013"/>
  <testcase name="testLoadPKCS12KeyStore[4]" classname="org.apache.zookeeper.common.X509UtilTest" time="0.423"/>
  <testcase name="testLoadJKSTrustStoreWithWrongPassword[4]" classname="org.apache.zookeeper.common.X509UtilTest" time="0.002"/>
  <testcase name="testLoadPKCS12TrustStoreAutodetectStoreFileType[4]" classname="org.apache.zookeeper.common.X509UtilTest" time="0.136"/>
  <testcase name="testCreateSSLServerSocketWithPort[4]" classname="org.apache.zookeeper.common.X509UtilTest" time="0.006"/>
  <testcase name="testCreateSSLContextWithCustomCipherSuites[4]" classname="org.apache.zookeeper.common.X509UtilTest" time="0.056"/>
  <testcase name="testCRLDisabled[4]" classname="org.apache.zookeeper.common.X509UtilTest" time="0.052"/>
  <testcase name="testCreateSSLContext_invalidCustomSSLContextClass[4]" classname="org.apache.zookeeper.common.X509UtilTest" time="0.001"/>
  <testcase name="testCreateSSLContextWithoutCustomProtocol[4]" classname="org.apache.zookeeper.common.X509UtilTest" time="0.009"/>
  <testcase name="testOCSPEnabled[4]" classname="org.apache.zookeeper.common.X509UtilTest" time="0.007"/>
  <testcase name="testGetDefaultCipherSuitesJava8[4]" classname="org.apache.zookeeper.common.X509UtilTest" time="0.001"/>
  <testcase name="testGetDefaultCipherSuitesJava9[4]" classname="org.apache.zookeeper.common.X509UtilTest" time="0"/>
  <testcase name="testLoadJKSKeyStoreNullPassword[4]" classname="org.apache.zookeeper.common.X509UtilTest" time="0.001"/>
  <testcase name="testLoadJKSKeyStoreAutodetectStoreFileType[4]" classname="org.apache.zookeeper.common.X509UtilTest" time="0.001"/>
  <testcase name="testCreateSSLContext_validCustomSSLContextClass[4]" classname="org.apache.zookeeper.common.X509UtilTest" time="0.001"/>
  <testcase name="testLoadPEMTrustStoreAutodetectStoreFileType[4]" classname="org.apache.zookeeper.common.X509UtilTest" time="0.001"/>
  <testcase name="testLoadJKSKeyStore[4]" classname="org.apache.zookeeper.common.X509UtilTest" time="0.001"/>
  <testcase name="testLoadJKSTrustStoreNullPassword[4]" classname="org.apache.zookeeper.common.X509UtilTest" time="0.001"/>
  <testcase name="testLoadJKSTrustStoreAutodetectStoreFileType[4]" classname="org.apache.zookeeper.common.X509UtilTest" time="0.001"/>
  <testcase name="testCreateSSLContextWithCustomProtocol[4]" classname="org.apache.zookeeper.common.X509UtilTest" time="0.097"/>
  <testcase name="testLoadJKSKeyStoreWithWrongPassword[4]" classname="org.apache.zookeeper.common.X509UtilTest" time="0.002"/>
  <testcase name="testLoadPKCS12TrustStoreNullPassword[4]" classname="org.apache.zookeeper.common.X509UtilTest" time="0.115"/>
  <testcase name="testGetDefaultCipherSuitesUnknownVersion[4]" classname="org.apache.zookeeper.common.X509UtilTest" time="0.002"/>
  <testcase name="testGetSslHandshakeDetectionTimeoutMillisProperty[4]" classname="org.apache.zookeeper.common.X509UtilTest" time="0.004"/>
  <testcase name="testLoadPKCS12KeyStoreAutodetectStoreFileType[4]" classname="org.apache.zookeeper.common.X509UtilTest" time="0.113"/>
  <testcase name="testCreateSSLSocket[4]" classname="org.apache.zookeeper.common.X509UtilTest" time="0.01"/>
  <testcase name="testLoadPEMTrustStore[4]" classname="org.apache.zookeeper.common.X509UtilTest" time="0.002"/>
  <testcase name="testGetDefaultCipherSuitesJava10[4]" classname="org.apache.zookeeper.common.X509UtilTest" time="0"/>
  <testcase name="testGetDefaultCipherSuitesJava11[4]" classname="org.apache.zookeeper.common.X509UtilTest" time="0"/>
  <testcase name="testLoadPEMKeyStoreNullPassword[4]" classname="org.apache.zookeeper.common.X509UtilTest" time="0.009"/>
  <testcase name="testLoadPEMKeyStoreAutodetectStoreFileType[4]" classname="org.apache.zookeeper.common.X509UtilTest" time="0.003"/>
  <testcase name="testLoadJKSTrustStore[4]" classname="org.apache.zookeeper.common.X509UtilTest" time="0.002"/>
  <testcase name="testLoadPEMKeyStore[4]" classname="org.apache.zookeeper.common.X509UtilTest" time="0.002"/>
  <testcase name="testLoadPKCS12KeyStoreWithWrongPassword[4]" classname="org.apache.zookeeper.common.X509UtilTest" time="0.064"/>
  <testcase name="testLoadPEMKeyStoreWithWrongPassword[4]" classname="org.apache.zookeeper.common.X509UtilTest" time="0.002"/>
  <testcase name="testCreateSSLServerSocketWithoutPort[4]" classname="org.apache.zookeeper.common.X509UtilTest" time="0.005"/>
  <testcase name="testGetDefaultCipherSuitesNullVersion[4]" classname="org.apache.zookeeper.common.X509UtilTest" time="0.001"/>
  <testcase name="testLoadPKCS12KeyStoreNullPassword[4]" classname="org.apache.zookeeper.common.X509UtilTest" time="0.104"/>
  <testcase name="testLoadPEMTrustStoreNullPassword[5]" classname="org.apache.zookeeper.common.X509UtilTest" time="0.021"/>
  <testcase name="testCreateSSLContextWithoutKeyStorePassword[5]" classname="org.apache.zookeeper.common.X509UtilTest" time="0.007"/>
  <testcase name="testLoadPKCS12TrustStore[5]" classname="org.apache.zookeeper.common.X509UtilTest" time="0.252"/>
  <testcase name="testLoadPKCS12TrustStoreWithWrongPassword[5]" classname="org.apache.zookeeper.common.X509UtilTest" time="0.056"/>
  <testcase name="testClientRenegotiationFails[5]" classname="org.apache.zookeeper.common.X509UtilTest" time="0.046"/>
  <testcase name="testCRLEnabled[5]" classname="org.apache.zookeeper.common.X509UtilTest" time="0.003"/>
  <testcase name="testCreateSSLContextWithoutKeyStoreLocation[5]" classname="org.apache.zookeeper.common.X509UtilTest" time="0.001"/>
  <testcase name="testLoadPKCS12KeyStore[5]" classname="org.apache.zookeeper.common.X509UtilTest" time="0.344"/>
  <testcase name="testLoadJKSTrustStoreWithWrongPassword[5]" classname="org.apache.zookeeper.common.X509UtilTest" time="0.001"/>
  <testcase name="testLoadPKCS12TrustStoreAutodetectStoreFileType[5]" classname="org.apache.zookeeper.common.X509UtilTest" time="0.103"/>
  <testcase name="testCreateSSLServerSocketWithPort[5]" classname="org.apache.zookeeper.common.X509UtilTest" time="0.004"/>
  <testcase name="testCreateSSLContextWithCustomCipherSuites[5]" classname="org.apache.zookeeper.common.X509UtilTest" time="0.002"/>
  <testcase name="testCRLDisabled[5]" classname="org.apache.zookeeper.common.X509UtilTest" time="0.005"/>
  <testcase name="testCreateSSLContext_invalidCustomSSLContextClass[5]" classname="org.apache.zookeeper.common.X509UtilTest" time="0"/>
  <testcase name="testCreateSSLContextWithoutCustomProtocol[5]" classname="org.apache.zookeeper.common.X509UtilTest" time="0.002"/>
  <testcase name="testOCSPEnabled[5]" classname="org.apache.zookeeper.common.X509UtilTest" time="0.001"/>
  <testcase name="testGetDefaultCipherSuitesJava8[5]" classname="org.apache.zookeeper.common.X509UtilTest" time="0.001"/>
  <testcase name="testGetDefaultCipherSuitesJava9[5]" classname="org.apache.zookeeper.common.X509UtilTest" time="0.001"/>
  <testcase name="testLoadJKSKeyStoreNullPassword[5]" classname="org.apache.zookeeper.common.X509UtilTest" time="0"/>
  <testcase name="testLoadJKSKeyStoreAutodetectStoreFileType[5]" classname="org.apache.zookeeper.common.X509UtilTest" time="0.001"/>
  <testcase name="testCreateSSLContext_validCustomSSLContextClass[5]" classname="org.apache.zookeeper.common.X509UtilTest" time="0.001"/>
  <testcase name="testLoadPEMTrustStoreAutodetectStoreFileType[5]" classname="org.apache.zookeeper.common.X509UtilTest" time="0.003"/>
  <testcase name="testLoadJKSKeyStore[5]" classname="org.apache.zookeeper.common.X509UtilTest" time="0.001"/>
  <testcase name="testLoadJKSTrustStoreNullPassword[5]" classname="org.apache.zookeeper.common.X509UtilTest" time="0"/>
  <testcase name="testLoadJKSTrustStoreAutodetectStoreFileType[5]" classname="org.apache.zookeeper.common.X509UtilTest" time="0.001"/>
  <testcase name="testCreateSSLContextWithCustomProtocol[5]" classname="org.apache.zookeeper.common.X509UtilTest" time="0.003"/>
  <testcase name="testLoadJKSKeyStoreWithWrongPassword[5]" classname="org.apache.zookeeper.common.X509UtilTest" time="0"/>
  <testcase name="testLoadPKCS12TrustStoreNullPassword[5]" classname="org.apache.zookeeper.common.X509UtilTest" time="0.001"/>
  <testcase name="testGetDefaultCipherSuitesUnknownVersion[5]" classname="org.apache.zookeeper.common.X509UtilTest" time="0"/>
  <testcase name="testGetSslHandshakeDetectionTimeoutMillisProperty[5]" classname="org.apache.zookeeper.common.X509UtilTest" time="0.009"/>
  <testcase name="testLoadPKCS12KeyStoreAutodetectStoreFileType[5]" classname="org.apache.zookeeper.common.X509UtilTest" time="0.083"/>
  <testcase name="testCreateSSLSocket[5]" classname="org.apache.zookeeper.common.X509UtilTest" time="0.002"/>
  <testcase name="testLoadPEMTrustStore[5]" classname="org.apache.zookeeper.common.X509UtilTest" time="0.001"/>
  <testcase name="testGetDefaultCipherSuitesJava10[5]" classname="org.apache.zookeeper.common.X509UtilTest" time="0.001"/>
  <testcase name="testGetDefaultCipherSuitesJava11[5]" classname="org.apache.zookeeper.common.X509UtilTest" time="0.001"/>
  <testcase name="testLoadPEMKeyStoreNullPassword[5]" classname="org.apache.zookeeper.common.X509UtilTest" time="0.001"/>
  <testcase name="testLoadPEMKeyStoreAutodetectStoreFileType[5]" classname="org.apache.zookeeper.common.X509UtilTest" time="0.011"/>
  <testcase name="testLoadJKSTrustStore[5]" classname="org.apache.zookeeper.common.X509UtilTest" time="0.001"/>
  <testcase name="testLoadPEMKeyStore[5]" classname="org.apache.zookeeper.common.X509UtilTest" time="0.005"/>
  <testcase name="testLoadPKCS12KeyStoreWithWrongPassword[5]" classname="org.apache.zookeeper.common.X509UtilTest" time="0.039"/>
  <testcase name="testLoadPEMKeyStoreWithWrongPassword[5]" classname="org.apache.zookeeper.common.X509UtilTest" time="0.005"/>
  <testcase name="testCreateSSLServerSocketWithoutPort[5]" classname="org.apache.zookeeper.common.X509UtilTest" time="0.002"/>
  <testcase name="testGetDefaultCipherSuitesNullVersion[5]" classname="org.apache.zookeeper.common.X509UtilTest" time="0"/>
  <testcase name="testLoadPKCS12KeyStoreNullPassword[5]" classname="org.apache.zookeeper.common.X509UtilTest" time="0.001"/>
  <testcase name="testLoadPEMTrustStoreNullPassword[6]" classname="org.apache.zookeeper.common.X509UtilTest" time="0.005"/>
  <testcase name="testCreateSSLContextWithoutKeyStorePassword[6]" classname="org.apache.zookeeper.common.X509UtilTest" time="0.001"/>
  <testcase name="testLoadPKCS12TrustStore[6]" classname="org.apache.zookeeper.common.X509UtilTest" time="0.165"/>
  <testcase name="testLoadPKCS12TrustStoreWithWrongPassword[6]" classname="org.apache.zookeeper.common.X509UtilTest" time="0.04"/>
  <testcase name="testClientRenegotiationFails[6]" classname="org.apache.zookeeper.common.X509UtilTest" time="0.028"/>
  <testcase name="testCRLEnabled[6]" classname="org.apache.zookeeper.common.X509UtilTest" time="0.001"/>
  <testcase name="testCreateSSLContextWithoutKeyStoreLocation[6]" classname="org.apache.zookeeper.common.X509UtilTest" time="0.001"/>
  <testcase name="testLoadPKCS12KeyStore[6]" classname="org.apache.zookeeper.common.X509UtilTest" time="0.174"/>
  <testcase name="testLoadJKSTrustStoreWithWrongPassword[6]" classname="org.apache.zookeeper.common.X509UtilTest" time="0.001"/>
  <testcase name="testLoadPKCS12TrustStoreAutodetectStoreFileType[6]" classname="org.apache.zookeeper.common.X509UtilTest" time="0.083"/>
  <testcase name="testCreateSSLServerSocketWithPort[6]" classname="org.apache.zookeeper.common.X509UtilTest" time="0.003"/>
  <testcase name="testCreateSSLContextWithCustomCipherSuites[6]" classname="org.apache.zookeeper.common.X509UtilTest" time="0.002"/>
  <testcase name="testCRLDisabled[6]" classname="org.apache.zookeeper.common.X509UtilTest" time="0.003"/>
  <testcase name="testCreateSSLContext_invalidCustomSSLContextClass[6]" classname="org.apache.zookeeper.common.X509UtilTest" time="0.001"/>
  <testcase name="testCreateSSLContextWithoutCustomProtocol[6]" classname="org.apache.zookeeper.common.X509UtilTest" time="0.002"/>
  <testcase name="testOCSPEnabled[6]" classname="org.apache.zookeeper.common.X509UtilTest" time="0.003"/>
  <testcase name="testGetDefaultCipherSuitesJava8[6]" classname="org.apache.zookeeper.common.X509UtilTest" time="0"/>
  <testcase name="testGetDefaultCipherSuitesJava9[6]" classname="org.apache.zookeeper.common.X509UtilTest" time="0.001"/>
  <testcase name="testLoadJKSKeyStoreNullPassword[6]" classname="org.apache.zookeeper.common.X509UtilTest" time="0"/>
  <testcase name="testLoadJKSKeyStoreAutodetectStoreFileType[6]" classname="org.apache.zookeeper.common.X509UtilTest" time="0"/>
  <testcase name="testCreateSSLContext_validCustomSSLContextClass[6]" classname="org.apache.zookeeper.common.X509UtilTest" time="0.001"/>
  <testcase name="testLoadPEMTrustStoreAutodetectStoreFileType[6]" classname="org.apache.zookeeper.common.X509UtilTest" time="0.001"/>
  <testcase name="testLoadJKSKeyStore[6]" classname="org.apache.zookeeper.common.X509UtilTest" time="0.001"/>
  <testcase name="testLoadJKSTrustStoreNullPassword[6]" classname="org.apache.zookeeper.common.X509UtilTest" time="0.001"/>
  <testcase name="testLoadJKSTrustStoreAutodetectStoreFileType[6]" classname="org.apache.zookeeper.common.X509UtilTest" time="0"/>
  <testcase name="testCreateSSLContextWithCustomProtocol[6]" classname="org.apache.zookeeper.common.X509UtilTest" time="0.001"/>
  <testcase name="testLoadJKSKeyStoreWithWrongPassword[6]" classname="org.apache.zookeeper.common.X509UtilTest" time="0.001"/>
  <testcase name="testLoadPKCS12TrustStoreNullPassword[6]" classname="org.apache.zookeeper.common.X509UtilTest" time="0.08"/>
  <testcase name="testGetDefaultCipherSuitesUnknownVersion[6]" classname="org.apache.zookeeper.common.X509UtilTest" time="0"/>
  <testcase name="testGetSslHandshakeDetectionTimeoutMillisProperty[6]" classname="org.apache.zookeeper.common.X509UtilTest" time="0.003"/>
  <testcase name="testLoadPKCS12KeyStoreAutodetectStoreFileType[6]" classname="org.apache.zookeeper.common.X509UtilTest" time="0.068"/>
  <testcase name="testCreateSSLSocket[6]" classname="org.apache.zookeeper.common.X509UtilTest" time="0.002"/>
  <testcase name="testLoadPEMTrustStore[6]" classname="org.apache.zookeeper.common.X509UtilTest" time="0.001"/>
  <testcase name="testGetDefaultCipherSuitesJava10[6]" classname="org.apache.zookeeper.common.X509UtilTest" time="0"/>
  <testcase name="testGetDefaultCipherSuitesJava11[6]" classname="org.apache.zookeeper.common.X509UtilTest" time="0.001"/>
  <testcase name="testLoadPEMKeyStoreNullPassword[6]" classname="org.apache.zookeeper.common.X509UtilTest" time="0.003"/>
  <testcase name="testLoadPEMKeyStoreAutodetectStoreFileType[6]" classname="org.apache.zookeeper.common.X509UtilTest" time="0.005"/>
  <testcase name="testLoadJKSTrustStore[6]" classname="org.apache.zookeeper.common.X509UtilTest" time="0"/>
  <testcase name="testLoadPEMKeyStore[6]" classname="org.apache.zookeeper.common.X509UtilTest" time="0"/>
  <testcase name="testLoadPKCS12KeyStoreWithWrongPassword[6]" classname="org.apache.zookeeper.common.X509UtilTest" time="0.038"/>
  <testcase name="testLoadPEMKeyStoreWithWrongPassword[6]" classname="org.apache.zookeeper.common.X509UtilTest" time="0.001"/>
  <testcase name="testCreateSSLServerSocketWithoutPort[6]" classname="org.apache.zookeeper.common.X509UtilTest" time="0.001"/>
  <testcase name="testGetDefaultCipherSuitesNullVersion[6]" classname="org.apache.zookeeper.common.X509UtilTest" time="0.001"/>
  <testcase name="testLoadPKCS12KeyStoreNullPassword[6]" classname="org.apache.zookeeper.common.X509UtilTest" time="0.061"/>
  <testcase name="testLoadPEMTrustStoreNullPassword[7]" classname="org.apache.zookeeper.common.X509UtilTest" time="0.005"/>
  <testcase name="testCreateSSLContextWithoutKeyStorePassword[7]" classname="org.apache.zookeeper.common.X509UtilTest" time="0.003"/>
  <testcase name="testLoadPKCS12TrustStore[7]" classname="org.apache.zookeeper.common.X509UtilTest" time="0.23"/>
  <testcase name="testLoadPKCS12TrustStoreWithWrongPassword[7]" classname="org.apache.zookeeper.common.X509UtilTest" time="0.065"/>
  <testcase name="testClientRenegotiationFails[7]" classname="org.apache.zookeeper.common.X509UtilTest" time="0.039"/>
  <testcase name="testCRLEnabled[7]" classname="org.apache.zookeeper.common.X509UtilTest" time="0.007"/>
  <testcase name="testCreateSSLContextWithoutKeyStoreLocation[7]" classname="org.apache.zookeeper.common.X509UtilTest" time="0.006"/>
  <testcase name="testLoadPKCS12KeyStore[7]" classname="org.apache.zookeeper.common.X509UtilTest" time="0.259"/>
  <testcase name="testLoadJKSTrustStoreWithWrongPassword[7]" classname="org.apache.zookeeper.common.X509UtilTest" time="0.001"/>
  <testcase name="testLoadPKCS12TrustStoreAutodetectStoreFileType[7]" classname="org.apache.zookeeper.common.X509UtilTest" time="0.076"/>
  <testcase name="testCreateSSLServerSocketWithPort[7]" classname="org.apache.zookeeper.common.X509UtilTest" time="0.003"/>
  <testcase name="testCreateSSLContextWithCustomCipherSuites[7]" classname="org.apache.zookeeper.common.X509UtilTest" time="0.003"/>
  <testcase name="testCRLDisabled[7]" classname="org.apache.zookeeper.common.X509UtilTest" time="0.002"/>
  <testcase name="testCreateSSLContext_invalidCustomSSLContextClass[7]" classname="org.apache.zookeeper.common.X509UtilTest" time="0.001"/>
  <testcase name="testCreateSSLContextWithoutCustomProtocol[7]" classname="org.apache.zookeeper.common.X509UtilTest" time="0.001"/>
  <testcase name="testOCSPEnabled[7]" classname="org.apache.zookeeper.common.X509UtilTest" time="0.001"/>
  <testcase name="testGetDefaultCipherSuitesJava8[7]" classname="org.apache.zookeeper.common.X509UtilTest" time="0.001"/>
  <testcase name="testGetDefaultCipherSuitesJava9[7]" classname="org.apache.zookeeper.common.X509UtilTest" time="0"/>
  <testcase name="testLoadJKSKeyStoreNullPassword[7]" classname="org.apache.zookeeper.common.X509UtilTest" time="0"/>
  <testcase name="testLoadJKSKeyStoreAutodetectStoreFileType[7]" classname="org.apache.zookeeper.common.X509UtilTest" time="0.001"/>
  <testcase name="testCreateSSLContext_validCustomSSLContextClass[7]" classname="org.apache.zookeeper.common.X509UtilTest" time="0"/>
  <testcase name="testLoadPEMTrustStoreAutodetectStoreFileType[7]" classname="org.apache.zookeeper.common.X509UtilTest" time="0.004"/>
  <testcase name="testLoadJKSKeyStore[7]" classname="org.apache.zookeeper.common.X509UtilTest" time="0.001"/>
  <testcase name="testLoadJKSTrustStoreNullPassword[7]" classname="org.apache.zookeeper.common.X509UtilTest" time="0.001"/>
  <testcase name="testLoadJKSTrustStoreAutodetectStoreFileType[7]" classname="org.apache.zookeeper.common.X509UtilTest" time="0.002"/>
  <testcase name="testCreateSSLContextWithCustomProtocol[7]" classname="org.apache.zookeeper.common.X509UtilTest" time="0.002"/>
  <testcase name="testLoadJKSKeyStoreWithWrongPassword[7]" classname="org.apache.zookeeper.common.X509UtilTest" time="0.001"/>
  <testcase name="testLoadPKCS12TrustStoreNullPassword[7]" classname="org.apache.zookeeper.common.X509UtilTest" time="0"/>
  <testcase name="testGetDefaultCipherSuitesUnknownVersion[7]" classname="org.apache.zookeeper.common.X509UtilTest" time="0"/>
  <testcase name="testGetSslHandshakeDetectionTimeoutMillisProperty[7]" classname="org.apache.zookeeper.common.X509UtilTest" time="0.007"/>
  <testcase name="testLoadPKCS12KeyStoreAutodetectStoreFileType[7]" classname="org.apache.zookeeper.common.X509UtilTest" time="0.091"/>
  <testcase name="testCreateSSLSocket[7]" classname="org.apache.zookeeper.common.X509UtilTest" time="0.007"/>
  <testcase name="testLoadPEMTrustStore[7]" classname="org.apache.zookeeper.common.X509UtilTest" time="0"/>
  <testcase name="testGetDefaultCipherSuitesJava10[7]" classname="org.apache.zookeeper.common.X509UtilTest" time="0"/>
  <testcase name="testGetDefaultCipherSuitesJava11[7]" classname="org.apache.zookeeper.common.X509UtilTest" time="0"/>
  <testcase name="testLoadPEMKeyStoreNullPassword[7]" classname="org.apache.zookeeper.common.X509UtilTest" time="0"/>
  <testcase name="testLoadPEMKeyStoreAutodetectStoreFileType[7]" classname="org.apache.zookeeper.common.X509UtilTest" time="0.033"/>
  <testcase name="testLoadJKSTrustStore[7]" classname="org.apache.zookeeper.common.X509UtilTest" time="0.001"/>
  <testcase name="testLoadPEMKeyStore[7]" classname="org.apache.zookeeper.common.X509UtilTest" time="0.008"/>
  <testcase name="testLoadPKCS12KeyStoreWithWrongPassword[7]" classname="org.apache.zookeeper.common.X509UtilTest" time="0.056"/>
  <testcase name="testLoadPEMKeyStoreWithWrongPassword[7]" classname="org.apache.zookeeper.common.X509UtilTest" time="0.019"/>
  <testcase name="testCreateSSLServerSocketWithoutPort[7]" classname="org.apache.zookeeper.common.X509UtilTest" time="0.009"/>
  <testcase name="testGetDefaultCipherSuitesNullVersion[7]" classname="org.apache.zookeeper.common.X509UtilTest" time="0.001"/>
  <testcase name="testLoadPKCS12KeyStoreNullPassword[7]" classname="org.apache.zookeeper.common.X509UtilTest" time="0"/>
</testsuite>