<?xml version="1.0" encoding="UTF-8"?>
<testsuite xmlns:xsi="http://www.w3.org/2001/XMLSchema-instance" xsi:noNamespaceSchemaLocation="https://maven.apache.org/surefire/maven-surefire-plugin/xsd/surefire-test-report.xsd" name="org.apache.zookeeper.server.quorum.EagerACLFilterTest" time="829.386" tests="72" errors="0" skipped="0" failures="0">
  <properties>
[...]
</properties>
  <testcase name="testCreateOK[0]" classname="org.apache.zookeeper.server.quorum.EagerACLFilterTest" time="11.609"/>
  <testcase name="testCreate2Fail[0]" classname="org.apache.zookeeper.server.quorum.EagerACLFilterTest" time="16.677"/>
  <testcase name="testSetDataFail[0]" classname="org.apache.zookeeper.server.quorum.EagerACLFilterTest" time="11.95"/>
  <testcase name="testSetACLFail[0]" classname="org.apache.zookeeper.server.quorum.EagerACLFilterTest" time="12.578"/>
  <testcase name="testCreateFail[0]" classname="org.apache.zookeeper.server.quorum.EagerACLFilterTest" time="11.034"/>
  <testcase name="testSetDataOK[0]" classname="org.apache.zookeeper.server.quorum.EagerACLFilterTest" time="12.403"/>
  <testcase name="testDeleteFail[0]" classname="org.apache.zookeeper.server.quorum.EagerACLFilterTest" time="11.183"/>
  <testcase name="testBadACL[0]" classname="org.apache.zookeeper.server.quorum.EagerACLFilterTest" time="11.2"/>
  <testcase name="testCreate2OK[0]" classname="org.apache.zookeeper.server.quorum.EagerACLFilterTest" time="10.699"/>
  <testcase name="testDeleteOK[0]" classname="org.apache.zookeeper.server.quorum.EagerACLFilterTest" time="10.63"/>
  <testcase name="testSetACLOK[0]" classname="org.apache.zookeeper.server.quorum.EagerACLFilterTest" time="10.708"/>
  <testcase name="testNull[0]" classname="org.apache.zookeeper.server.quorum.EagerACLFilterTest" time="11.366"/>
  <testcase name="testCreateOK[1]" classname="org.apache.zookeeper.server.quorum.EagerACLFilterTest" time="10.961"/>
  <testcase name="testCreate2Fail[1]" classname="org.apache.zookeeper.server.quorum.EagerACLFilterTest" time="11.297"/>
  <testcase name="testSetDataFail[1]" classname="org.apache.zookeeper.server.quorum.EagerACLFilterTest" time="11.472"/>
  <testcase name="testSetACLFail[1]" classname="org.apache.zookeeper.server.quorum.EagerACLFilterTest" time="11.142"/>
  <testcase name="testCreateFail[1]" classname="org.apache.zookeeper.server.quorum.EagerACLFilterTest" time="10.666"/>
  <testcase name="testSetDataOK[1]" classname="org.apache.zookeeper.server.quorum.EagerACLFilterTest" time="10.632"/>
  <testcase name="testDeleteFail[1]" classname="org.apache.zookeeper.server.quorum.EagerACLFilterTest" time="11.141"/>
  <testcase name="testBadACL[1]" classname="org.apache.zookeeper.server.quorum.EagerACLFilterTest" time="10.713"/>
  <testcase name="testCreate2OK[1]" classname="org.apache.zookeeper.server.quorum.EagerACLFilterTest" time="11.515"/>
  <testcase name="testDeleteOK[1]" classname="org.apache.zookeeper.server.quorum.EagerACLFilterTest" time="13.357"/>
  <testcase name="testSetACLOK[1]" classname="org.apache.zookeeper.server.quorum.EagerACLFilterTest" time="12.647"/>
  <testcase name="testNull[1]" classname="org.apache.zookeeper.server.quorum.EagerACLFilterTest" time="10.671"/>
  <testcase name="testCreateOK[2]" classname="org.apache.zookeeper.server.quorum.EagerACLFilterTest" time="10.657"/>
  <testcase name="testCreate2Fail[2]" classname="org.apache.zookeeper.server.quorum.EagerACLFilterTest" time="10.654"/>
  <testcase name="testSetDataFail[2]" classname="org.apache.zookeeper.server.quorum.EagerACLFilterTest" time="15.398"/>
  <testcase name="testSetACLFail[2]" classname="org.apache.zookeeper.server.quorum.EagerACLFilterTest" time="10.643"/>
  <testcase name="testCreateFail[2]" classname="org.apache.zookeeper.server.quorum.EagerACLFilterTest" time="10.838"/>
  <testcase name="testSetDataOK[2]" classname="org.apache.zookeeper.server.quorum.EagerACLFilterTest" time="11.133"/>
  <testcase name="testDeleteFail[2]" classname="org.apache.zookeeper.server.quorum.EagerACLFilterTest" time="10.605"/>
  <testcase name="testBadACL[2]" classname="org.apache.zookeeper.server.quorum.EagerACLFilterTest" time="15.254"/>
  <testcase name="testCreate2OK[2]" classname="org.apache.zookeeper.server.quorum.EagerACLFilterTest" time="11.147"/>
  <testcase name="testDeleteOK[2]" classname="org.apache.zookeeper.server.quorum.EagerACLFilterTest" time="10.632"/>
  <testcase name="testSetACLOK[2]" classname="org.apache.zookeeper.server.quorum.EagerACLFilterTest" time="11.241"/>
  <testcase name="testNull[2]" classname="org.apache.zookeeper.server.quorum.EagerACLFilterTest" time="10.651"/>
  <testcase name="testCreateOK[3]" classname="org.apache.zookeeper.server.quorum.EagerACLFilterTest" time="10.726"/>
  <testcase name="testCreate2Fail[3]" classname="org.apache.zookeeper.server.quorum.EagerACLFilterTest" time="10.615"/>
  <testcase name="testSetDataFail[3]" classname="org.apache.zookeeper.server.quorum.EagerACLFilterTest" time="10.661"/>
  <testcase name="testSetACLFail[3]" classname="org.apache.zookeeper.server.quorum.EagerACLFilterTest" time="10.643"/>
  <testcase name="testCreateFail[3]" classname="org.apache.zookeeper.server.quorum.EagerACLFilterTest" time="10.775"/>
  <testcase name="testSetDataOK[3]" classname="org.apache.zookeeper.server.quorum.EagerACLFilterTest" time="11.283"/>
  <testcase name="testDeleteFail[3]" classname="org.apache.zookeeper.server.quorum.EagerACLFilterTest" time="11.85"/>
  <testcase name="testBadACL[3]" classname="org.apache.zookeeper.server.quorum.EagerACLFilterTest" time="13.912"/>
  <testcase name="testCreate2OK[3]" classname="org.apache.zookeeper.server.quorum.EagerACLFilterTest" time="13.887"/>
  <testcase name="testDeleteOK[3]" classname="org.apache.zookeeper.server.quorum.EagerACLFilterTest" time="11.823"/>
  <testcase name="testSetACLOK[3]" classname="org.apache.zookeeper.server.quorum.EagerACLFilterTest" time="11.25"/>
  <testcase name="testNull[3]" classname="org.apache.zookeeper.server.quorum.EagerACLFilterTest" time="12.656"/>
  <testcase name="testCreateOK[4]" classname="org.apache.zookeeper.server.quorum.EagerACLFilterTest" time="10.669"/>
  <testcase name="testCreate2Fail[4]" classname="org.apache.zookeeper.server.quorum.EagerACLFilterTest" time="10.748"/>
  <testcase name="testSetDataFail[4]" classname="org.apache.zookeeper.server.quorum.EagerACLFilterTest" time="10.689"/>
  <testcase name="testSetACLFail[4]" classname="org.apache.zookeeper.server.quorum.EagerACLFilterTest" time="11.356"/>
  <testcase name="testCreateFail[4]" classname="org.apache.zookeeper.server.quorum.EagerACLFilterTest" time="12.99"/>
  <testcase name="testSetDataOK[4]" classname="org.apache.zookeeper.server.quorum.EagerACLFilterTest" time="11.482"/>
  <testcase name="testDeleteFail[4]" classname="org.apache.zookeeper.server.quorum.EagerACLFilterTest" time="10.665"/>
  <testcase name="testBadACL[4]" classname="org.apache.zookeeper.server.quorum.EagerACLFilterTest" time="10.602"/>
  <testcase name="testCreate2OK[4]" classname="org.apache.zookeeper.server.quorum.EagerACLFilterTest" time="11.706"/>
  <testcase name="testDeleteOK[4]" classname="org.apache.zookeeper.server.quorum.EagerACLFilterTest" time="10.698"/>
  <testcase name="testSetACLOK[4]" classname="org.apache.zookeeper.server.quorum.EagerACLFilterTest" time="14.856"/>
  <testcase name="testNull[4]" classname="org.apache.zookeeper.server.quorum.EagerACLFilterTest" time="11.159"/>
  <testcase name="testCreateOK[5]" classname="org.apache.zookeeper.server.quorum.EagerACLFilterTest" time="11.108"/>
  <testcase name="testCreate2Fail[5]" classname="org.apache.zookeeper.server.quorum.EagerACLFilterTest" time="10.668"/>
  <testcase name="testSetDataFail[5]" classname="org.apache.zookeeper.server.quorum.EagerACLFilterTest" time="11.029"/>
  <testcase name="testSetACLFail[5]" classname="org.apache.zookeeper.server.quorum.EagerACLFilterTest" time="11.87"/>
  <testcase name="testCreateFail[5]" classname="org.apache.zookeeper.server.quorum.EagerACLFilterTest" time="11.567"/>
  <testcase name="testSetDataOK[5]" classname="org.apache.zookeeper.server.quorum.EagerACLFilterTest" time="12.198"/>
  <testcase name="testDeleteFail[5]" classname="org.apache.zookeeper.server.quorum.EagerACLFilterTest" time="10.67"/>
  <testcase name="testBadACL[5]" classname="org.apache.zookeeper.server.quorum.EagerACLFilterTest" time="10.654"/>
  <testcase name="testCreate2OK[5]" classname="org.apache.zookeeper.server.quorum.EagerACLFilterTest" time="10.671"/>
  <testcase name="testDeleteOK[5]" classname="org.apache.zookeeper.server.quorum.EagerACLFilterTest" time="10.706"/>
  <testcase name="testSetACLOK[5]" classname="org.apache.zookeeper.server.quorum.EagerACLFilterTest" time="11.324"/>
  <testcase name="testNull[5]" classname="org.apache.zookeeper.server.quorum.EagerACLFilterTest" time="11.671"/>
</testsuite>