<?xml version="1.0" encoding="UTF-8"?>
<testsuite xmlns:xsi="http://www.w3.org/2001/XMLSchema-instance" xsi:noNamespaceSchemaLocation="https://maven.apache.org/surefire/maven-surefire-plugin/xsd/surefire-test-report.xsd" name="org.apache.zookeeper.test.CreateTest" time="7.447" tests="3" errors="0" skipped="0" failures="0">
  <properties>
[...]
</properties>
  <testcase name="testCreateWithStat" classname="org.apache.zookeeper.test.CreateTest" time="2.77"/>
  <testcase name="testCreateWithNullStat" classname="org.apache.zookeeper.test.CreateTest" time="2.154"/>
  <testcase name="testCreate" classname="org.apache.zookeeper.test.CreateTest" time="2.19"/>
</testsuite>